The system is: Linux - 3.10.0-514.21.1.el7.x86_64 - x86_64
Compiling the C compiler identification source file "CMakeCCompilerId.c" succeeded.
Compiler: /v/apps/intel/composer_xe_2015.2.164/bin/intel64/icc 
Build flags: 
Id flags: 

The output was:
0


Compilation of the C compiler identification source "CMakeCCompilerId.c" produced "a.out"

The C compiler identification is Intel, found in "/u/samar/Documents/git/cpp14/debugger/build/CMakeFiles/3.7.1/CompilerIdC/a.out"

Compiling the CXX compiler identification source file "CMakeCXXCompilerId.cpp" succeeded.
Compiler: /v/apps/intel/composer_xe_2015.2.164/bin/intel64/icpc 
Build flags: 
Id flags: 

The output was:
0


Compilation of the CXX compiler identification source "CMakeCXXCompilerId.cpp" produced "a.out"

The CXX compiler identification is Intel, found in "/u/samar/Documents/git/cpp14/debugger/build/CMakeFiles/3.7.1/CompilerIdCXX/a.out"

Determining if the C compiler works passed with the following output:
Change Dir: /u/samar/Documents/git/cpp14/debugger/build/CMakeFiles/CMakeTmp

Run Build Command:"/usr/bin/gmake" "cmTC_3f398/fast"
/usr/bin/gmake -f CMakeFiles/cmTC_3f398.dir/build.make CMakeFiles/cmTC_3f398.dir/build
gmake[1]: Entering directory `/u/samar/Documents/git/cpp14/debugger/build/CMakeFiles/CMakeTmp'
Building C object CMakeFiles/cmTC_3f398.dir/testCCompiler.c.o
/v/apps/intel/composer_xe_2015.2.164/bin/intel64/icc     -o CMakeFiles/cmTC_3f398.dir/testCCompiler.c.o   -c /u/samar/Documents/git/cpp14/debugger/build/CMakeFiles/CMakeTmp/testCCompiler.c
Linking C executable cmTC_3f398
/v/apps/cmake/3.7.1-centos7/bin/cmake -E cmake_link_script CMakeFiles/cmTC_3f398.dir/link.txt --verbose=1
/v/apps/intel/composer_xe_2015.2.164/bin/intel64/icc       CMakeFiles/cmTC_3f398.dir/testCCompiler.c.o  -o cmTC_3f398 -rdynamic 
gmake[1]: Leaving directory `/u/samar/Documents/git/cpp14/debugger/build/CMakeFiles/CMakeTmp'


Detecting C compiler ABI info compiled with the following output:
Change Dir: /u/samar/Documents/git/cpp14/debugger/build/CMakeFiles/CMakeTmp

Run Build Command:"/usr/bin/gmake" "cmTC_17ec1/fast"
/usr/bin/gmake -f CMakeFiles/cmTC_17ec1.dir/build.make CMakeFiles/cmTC_17ec1.dir/build
gmake[1]: Entering directory `/u/samar/Documents/git/cpp14/debugger/build/CMakeFiles/CMakeTmp'
Building C object CMakeFiles/cmTC_17ec1.dir/CMakeCCompilerABI.c.o
/v/apps/intel/composer_xe_2015.2.164/bin/intel64/icc     -o CMakeFiles/cmTC_17ec1.dir/CMakeCCompilerABI.c.o   -c /v/apps/cmake/3.7.1-centos7/share/cmake-3.7/Modules/CMakeCCompilerABI.c
Linking C executable cmTC_17ec1
/v/apps/cmake/3.7.1-centos7/bin/cmake -E cmake_link_script CMakeFiles/cmTC_17ec1.dir/link.txt --verbose=1
/v/apps/intel/composer_xe_2015.2.164/bin/intel64/icc      -v CMakeFiles/cmTC_17ec1.dir/CMakeCCompilerABI.c.o  -o cmTC_17ec1 -rdynamic  
icc version 15.0.2 (gcc version 4.8.5 compatibility)
/v/apps/intel/composer_xe_2015.2.164/bin/intel64/mcpcom    -mP1OPT_version=15.0-intel64 -mGLOB_diag_file=CMakeFiles/cmTC_17ec1.dir/CMakeCCompilerABI.c.diag -mP1OPT_print_version=FALSE -mCG_use_gas_got_workaround=F -mP2OPT_align_option_used=TRUE -mGLOB_gcc_version=485 "-mGLOB_options_string=-v -o cmTC_17ec1 -rdynamic" -mGLOB_cxx_limited_range=FALSE -mCG_extend_parms=FALSE -mGLOB_compiler_bin_directory=/v/apps/intel/composer_xe_2015.2.164/bin/intel64 -mGLOB_as_output_backup_file_name=/tmp/icciUBV3kas_.s -mIPOPT_activate -mGLOB_em64t -mGLOB_product_id_code=0x22006d91 -mP3OPT_use_mspp_call_convention -mP2OPT_subs_out_of_bound=FALSE -mP2OPT_disam_type_based_disam=2 -mP2OPT_disam_assume_ansi_c -mP2OPT_checked_disam_ansi_alias=TRUE -mGLOB_ansi_alias -mPGOPTI_value_profile_use=T -mGLOB_opt_report_use_source_name -mP2OPT_il0_array_sections=TRUE -mGLOB_offload_mode=1 -mP2OPT_offload_unique_var_string=icc010128007434784ZnJN -mP2OPT_hlo -mP2OPT_hpo_rtt_control=0 -mIPOPT_args_in_regs=0 -mP2OPT_disam_assume_nonstd_intent_in=FALSE -mGLOB_imf_mapping_library=/v/apps/intel/composer_xe_2015.2.164/bin/intel64/libiml_attr.so -mPGOPTI_gen_threadsafe_level=0 -mIPOPT_link -mIPOPT_ipo_activate -mIPOPT_mo_activate -mIPOPT_source_files_list=/tmp/iccslisQwHMny -mIPOPT_mo_global_data -mIPOPT_link_script_file=/tmp/iccscriptkA7yBO "-mIPOPT_cmdline_link="/usr/lib/gcc/x86_64-redhat-linux/4.8.5/../../../../lib64/crt1.o" "/usr/lib/gcc/x86_64-redhat-linux/4.8.5/../../../../lib64/crti.o" "/usr/lib/gcc/x86_64-redhat-linux/4.8.5/crtbegin.o" "-export-dynamic" "--eh-frame-hdr" "--build-id" "-dynamic-linker" "/lib64/ld-linux-x86-64.so.2" "-m" "elf_x86_64" "-o" "cmTC_17ec1" "-L/v/apps/python/2.7.3-centos7/lib" "-L/v/apps/intel/composer_xe_2015.2.164/compiler/lib/intel64" "-L/usr/lib/gcc/x86_64-redhat-linux/4.8.5/" "-L/usr/lib/gcc/x86_64-redhat-linux/4.8.5/../../../../lib64" "-L/usr/lib/gcc/x86_64-redhat-linux/4.8.5/../../../../lib64/" "-L/lib/../lib64" "-L/lib/../lib64/" "-L/usr/lib/../lib64" "-L/usr/lib/../lib64/" "-L/v/apps/python/2.7.3-centos7/lib/" "-L/usr/lib/gcc/x86_64-redhat-linux/4.8.5/../../../" "-L/lib64" "-L/lib/" "-L/usr/lib64" "-L/usr/lib" "CMakeFiles/cmTC_17ec1.dir/CMakeCCompilerABI.c.o" "-Bdynamic" "-Bstatic" "-limf" "-lsvml" "-lirng" "-Bdynamic" "-lm" "-Bstatic" "-lipgo" "-ldecimal" "--as-needed" "-Bdynamic" "-lcilkrts" "-lstdc++" "--no-as-needed" "-lgcc" "-lgcc_s" "-Bstatic" "-lirc" "-lsvml" "-Bdynamic" "-lc" "-lgcc" "-lgcc_s" "-Bstatic" "-lirc_s" "-Bdynamic" "-ldl" "-lc" "/usr/lib/gcc/x86_64-redhat-linux/4.8.5/crtend.o" "/usr/lib/gcc/x86_64-redhat-linux/4.8.5/../../../../lib64/crtn.o"" -mIPOPT_il_in_obj -mIPOPT_ipo_activate_warn=FALSE -mIPOPT_obj_output_file_name=/tmp/ipo_iccugzb3Y.o -mIPOPT_whole_archive_fixup_file_name=/tmp/iccwarchkvsvJX -mGLOB_linker_version=2.25.1 -mGLOB_long_size_64 -mGLOB_routine_pointer_size_64 -mGLOB_driver_tempfile_name=/tmp/icctempfileyoF31d -mP3OPT_asm_target=P3OPT_ASM_TARGET_GAS -mGLOB_async_unwind_tables=TRUE -mGLOB_obj_output_file=/tmp/ipo_iccugzb3Y.o -mGLOB_source_dialect=GLOB_SOURCE_DIALECT_NONE -mP1OPT_source_file_name=ipo_out.c CMakeFiles/cmTC_17ec1.dir/CMakeCCompilerABI.c.o -mIPOPT_object_files=T -mIPOPT_assembly_files=/tmp/iccalisTFvHuv -mIPOPT_generated_tempfiles=/tmp/iccelisaFUsIL -mIPOPT_embedded_object_base_name=/tmp/icceobjBOAeW1 -mIPOPT_cmdline_link_new_name=/tmp/iccllisKjy09h
ld    /usr/lib/gcc/x86_64-redhat-linux/4.8.5/../../../../lib64/crt1.o /usr/lib/gcc/x86_64-redhat-linux/4.8.5/../../../../lib64/crti.o /usr/lib/gcc/x86_64-redhat-linux/4.8.5/crtbegin.o -export-dynamic --eh-frame-hdr --build-id -dynamic-linker /lib64/ld-linux-x86-64.so.2 -m elf_x86_64 -o cmTC_17ec1 -L/v/apps/python/2.7.3-centos7/lib -L/v/apps/intel/composer_xe_2015.2.164/compiler/lib/intel64 -L/usr/lib/gcc/x86_64-redhat-linux/4.8.5/ -L/usr/lib/gcc/x86_64-redhat-linux/4.8.5/../../../../lib64 -L/usr/lib/gcc/x86_64-redhat-linux/4.8.5/../../../../lib64/ -L/lib/../lib64 -L/lib/../lib64/ -L/usr/lib/../lib64 -L/usr/lib/../lib64/ -L/v/apps/python/2.7.3-centos7/lib/ -L/usr/lib/gcc/x86_64-redhat-linux/4.8.5/../../../ -L/lib64 -L/lib/ -L/usr/lib64 -L/usr/lib CMakeFiles/cmTC_17ec1.dir/CMakeCCompilerABI.c.o -Bdynamic -Bstatic -limf -lsvml -lirng -Bdynamic -lm -Bstatic -lipgo -ldecimal --as-needed -Bdynamic -lcilkrts -lstdc++ --no-as-needed -lgcc -lgcc_s -Bstatic -lirc -lsvml -Bdynamic -lc -lgcc -lgcc_s -Bstatic -lirc_s -Bdynamic -ldl -lc /usr/lib/gcc/x86_64-redhat-linux/4.8.5/crtend.o /usr/lib/gcc/x86_64-redhat-linux/4.8.5/../../../../lib64/crtn.o
gmake[1]: Leaving directory `/u/samar/Documents/git/cpp14/debugger/build/CMakeFiles/CMakeTmp'


Parsed C implicit link information from above output:
  link line regex: [^( *|.*[/\])(ld|([^/\]+-)?ld|collect2)[^/\]*( |$)]
  ignore line: [Change Dir: /u/samar/Documents/git/cpp14/debugger/build/CMakeFiles/CMakeTmp]
  ignore line: []
  ignore line: [Run Build Command:"/usr/bin/gmake" "cmTC_17ec1/fast"]
  ignore line: [/usr/bin/gmake -f CMakeFiles/cmTC_17ec1.dir/build.make CMakeFiles/cmTC_17ec1.dir/build]
  ignore line: [gmake[1]: Entering directory `/u/samar/Documents/git/cpp14/debugger/build/CMakeFiles/CMakeTmp']
  ignore line: [Building C object CMakeFiles/cmTC_17ec1.dir/CMakeCCompilerABI.c.o]
  ignore line: [/v/apps/intel/composer_xe_2015.2.164/bin/intel64/icc     -o CMakeFiles/cmTC_17ec1.dir/CMakeCCompilerABI.c.o   -c /v/apps/cmake/3.7.1-centos7/share/cmake-3.7/Modules/CMakeCCompilerABI.c]
  ignore line: [Linking C executable cmTC_17ec1]
  ignore line: [/v/apps/cmake/3.7.1-centos7/bin/cmake -E cmake_link_script CMakeFiles/cmTC_17ec1.dir/link.txt --verbose=1]
  ignore line: [/v/apps/intel/composer_xe_2015.2.164/bin/intel64/icc      -v CMakeFiles/cmTC_17ec1.dir/CMakeCCompilerABI.c.o  -o cmTC_17ec1 -rdynamic  ]
  ignore line: [icc version 15.0.2 (gcc version 4.8.5 compatibility)]
  ignore line: [/v/apps/intel/composer_xe_2015.2.164/bin/intel64/mcpcom    -mP1OPT_version=15.0-intel64 -mGLOB_diag_file=CMakeFiles/cmTC_17ec1.dir/CMakeCCompilerABI.c.diag -mP1OPT_print_version=FALSE -mCG_use_gas_got_workaround=F -mP2OPT_align_option_used=TRUE -mGLOB_gcc_version=485 "-mGLOB_options_string=-v -o cmTC_17ec1 -rdynamic" -mGLOB_cxx_limited_range=FALSE -mCG_extend_parms=FALSE -mGLOB_compiler_bin_directory=/v/apps/intel/composer_xe_2015.2.164/bin/intel64 -mGLOB_as_output_backup_file_name=/tmp/icciUBV3kas_.s -mIPOPT_activate -mGLOB_em64t -mGLOB_product_id_code=0x22006d91 -mP3OPT_use_mspp_call_convention -mP2OPT_subs_out_of_bound=FALSE -mP2OPT_disam_type_based_disam=2 -mP2OPT_disam_assume_ansi_c -mP2OPT_checked_disam_ansi_alias=TRUE -mGLOB_ansi_alias -mPGOPTI_value_profile_use=T -mGLOB_opt_report_use_source_name -mP2OPT_il0_array_sections=TRUE -mGLOB_offload_mode=1 -mP2OPT_offload_unique_var_string=icc010128007434784ZnJN -mP2OPT_hlo -mP2OPT_hpo_rtt_control=0 -mIPOPT_args_in_regs=0 -mP2OPT_disam_assume_nonstd_intent_in=FALSE -mGLOB_imf_mapping_library=/v/apps/intel/composer_xe_2015.2.164/bin/intel64/libiml_attr.so -mPGOPTI_gen_threadsafe_level=0 -mIPOPT_link -mIPOPT_ipo_activate -mIPOPT_mo_activate -mIPOPT_source_files_list=/tmp/iccslisQwHMny -mIPOPT_mo_global_data -mIPOPT_link_script_file=/tmp/iccscriptkA7yBO "-mIPOPT_cmdline_link="/usr/lib/gcc/x86_64-redhat-linux/4.8.5/../../../../lib64/crt1.o" "/usr/lib/gcc/x86_64-redhat-linux/4.8.5/../../../../lib64/crti.o" "/usr/lib/gcc/x86_64-redhat-linux/4.8.5/crtbegin.o" "-export-dynamic" "--eh-frame-hdr" "--build-id" "-dynamic-linker" "/lib64/ld-linux-x86-64.so.2" "-m" "elf_x86_64" "-o" "cmTC_17ec1" "-L/v/apps/python/2.7.3-centos7/lib" "-L/v/apps/intel/composer_xe_2015.2.164/compiler/lib/intel64" "-L/usr/lib/gcc/x86_64-redhat-linux/4.8.5/" "-L/usr/lib/gcc/x86_64-redhat-linux/4.8.5/../../../../lib64" "-L/usr/lib/gcc/x86_64-redhat-linux/4.8.5/../../../../lib64/" "-L/lib/../lib64" "-L/lib/../lib64/" "-L/usr/lib/../lib64" "-L/usr/lib/../lib64/" "-L/v/apps/python/2.7.3-centos7/lib/" "-L/usr/lib/gcc/x86_64-redhat-linux/4.8.5/../../../" "-L/lib64" "-L/lib/" "-L/usr/lib64" "-L/usr/lib" "CMakeFiles/cmTC_17ec1.dir/CMakeCCompilerABI.c.o" "-Bdynamic" "-Bstatic" "-limf" "-lsvml" "-lirng" "-Bdynamic" "-lm" "-Bstatic" "-lipgo" "-ldecimal" "--as-needed" "-Bdynamic" "-lcilkrts" "-lstdc++" "--no-as-needed" "-lgcc" "-lgcc_s" "-Bstatic" "-lirc" "-lsvml" "-Bdynamic" "-lc" "-lgcc" "-lgcc_s" "-Bstatic" "-lirc_s" "-Bdynamic" "-ldl" "-lc" "/usr/lib/gcc/x86_64-redhat-linux/4.8.5/crtend.o" "/usr/lib/gcc/x86_64-redhat-linux/4.8.5/../../../../lib64/crtn.o"" -mIPOPT_il_in_obj -mIPOPT_ipo_activate_warn=FALSE -mIPOPT_obj_output_file_name=/tmp/ipo_iccugzb3Y.o -mIPOPT_whole_archive_fixup_file_name=/tmp/iccwarchkvsvJX -mGLOB_linker_version=2.25.1 -mGLOB_long_size_64 -mGLOB_routine_pointer_size_64 -mGLOB_driver_tempfile_name=/tmp/icctempfileyoF31d -mP3OPT_asm_target=P3OPT_ASM_TARGET_GAS -mGLOB_async_unwind_tables=TRUE -mGLOB_obj_output_file=/tmp/ipo_iccugzb3Y.o -mGLOB_source_dialect=GLOB_SOURCE_DIALECT_NONE -mP1OPT_source_file_name=ipo_out.c CMakeFiles/cmTC_17ec1.dir/CMakeCCompilerABI.c.o -mIPOPT_object_files=T -mIPOPT_assembly_files=/tmp/iccalisTFvHuv -mIPOPT_generated_tempfiles=/tmp/iccelisaFUsIL -mIPOPT_embedded_object_base_name=/tmp/icceobjBOAeW1 -mIPOPT_cmdline_link_new_name=/tmp/iccllisKjy09h]
  link line: [ld    /usr/lib/gcc/x86_64-redhat-linux/4.8.5/../../../../lib64/crt1.o /usr/lib/gcc/x86_64-redhat-linux/4.8.5/../../../../lib64/crti.o /usr/lib/gcc/x86_64-redhat-linux/4.8.5/crtbegin.o -export-dynamic --eh-frame-hdr --build-id -dynamic-linker /lib64/ld-linux-x86-64.so.2 -m elf_x86_64 -o cmTC_17ec1 -L/v/apps/python/2.7.3-centos7/lib -L/v/apps/intel/composer_xe_2015.2.164/compiler/lib/intel64 -L/usr/lib/gcc/x86_64-redhat-linux/4.8.5/ -L/usr/lib/gcc/x86_64-redhat-linux/4.8.5/../../../../lib64 -L/usr/lib/gcc/x86_64-redhat-linux/4.8.5/../../../../lib64/ -L/lib/../lib64 -L/lib/../lib64/ -L/usr/lib/../lib64 -L/usr/lib/../lib64/ -L/v/apps/python/2.7.3-centos7/lib/ -L/usr/lib/gcc/x86_64-redhat-linux/4.8.5/../../../ -L/lib64 -L/lib/ -L/usr/lib64 -L/usr/lib CMakeFiles/cmTC_17ec1.dir/CMakeCCompilerABI.c.o -Bdynamic -Bstatic -limf -lsvml -lirng -Bdynamic -lm -Bstatic -lipgo -ldecimal --as-needed -Bdynamic -lcilkrts -lstdc++ --no-as-needed -lgcc -lgcc_s -Bstatic -lirc -lsvml -Bdynamic -lc -lgcc -lgcc_s -Bstatic -lirc_s -Bdynamic -ldl -lc /usr/lib/gcc/x86_64-redhat-linux/4.8.5/crtend.o /usr/lib/gcc/x86_64-redhat-linux/4.8.5/../../../../lib64/crtn.o]
    arg [ld] ==> ignore
    arg [/usr/lib/gcc/x86_64-redhat-linux/4.8.5/../../../../lib64/crt1.o] ==> ignore
    arg [/usr/lib/gcc/x86_64-redhat-linux/4.8.5/../../../../lib64/crti.o] ==> ignore
    arg [/usr/lib/gcc/x86_64-redhat-linux/4.8.5/crtbegin.o] ==> ignore
    arg [-export-dynamic] ==> ignore
    arg [--eh-frame-hdr] ==> ignore
    arg [--build-id] ==> ignore
    arg [-dynamic-linker] ==> ignore
    arg [/lib64/ld-linux-x86-64.so.2] ==> ignore
    arg [-m] ==> ignore
    arg [elf_x86_64] ==> ignore
    arg [-o] ==> ignore
    arg [cmTC_17ec1] ==> ignore
    arg [-L/v/apps/python/2.7.3-centos7/lib] ==> dir [/v/apps/python/2.7.3-centos7/lib]
    arg [-L/v/apps/intel/composer_xe_2015.2.164/compiler/lib/intel64] ==> dir [/v/apps/intel/composer_xe_2015.2.164/compiler/lib/intel64]
    arg [-L/usr/lib/gcc/x86_64-redhat-linux/4.8.5/] ==> dir [/usr/lib/gcc/x86_64-redhat-linux/4.8.5/]
    arg [-L/usr/lib/gcc/x86_64-redhat-linux/4.8.5/../../../../lib64] ==> dir [/usr/lib/gcc/x86_64-redhat-linux/4.8.5/../../../../lib64]
    arg [-L/usr/lib/gcc/x86_64-redhat-linux/4.8.5/../../../../lib64/] ==> dir [/usr/lib/gcc/x86_64-redhat-linux/4.8.5/../../../../lib64/]
    arg [-L/lib/../lib64] ==> dir [/lib/../lib64]
    arg [-L/lib/../lib64/] ==> dir [/lib/../lib64/]
    arg [-L/usr/lib/../lib64] ==> dir [/usr/lib/../lib64]
    arg [-L/usr/lib/../lib64/] ==> dir [/usr/lib/../lib64/]
    arg [-L/v/apps/python/2.7.3-centos7/lib/] ==> dir [/v/apps/python/2.7.3-centos7/lib/]
    arg [-L/usr/lib/gcc/x86_64-redhat-linux/4.8.5/../../../] ==> dir [/usr/lib/gcc/x86_64-redhat-linux/4.8.5/../../../]
    arg [-L/lib64] ==> dir [/lib64]
    arg [-L/lib/] ==> dir [/lib/]
    arg [-L/usr/lib64] ==> dir [/usr/lib64]
    arg [-L/usr/lib] ==> dir [/usr/lib]
    arg [CMakeFiles/cmTC_17ec1.dir/CMakeCCompilerABI.c.o] ==> ignore
    arg [-Bdynamic] ==> ignore
    arg [-Bstatic] ==> ignore
    arg [-limf] ==> lib [imf]
    arg [-lsvml] ==> lib [svml]
    arg [-lirng] ==> lib [irng]
    arg [-Bdynamic] ==> ignore
    arg [-lm] ==> lib [m]
    arg [-Bstatic] ==> ignore
    arg [-lipgo] ==> lib [ipgo]
    arg [-ldecimal] ==> lib [decimal]
    arg [--as-needed] ==> ignore
    arg [-Bdynamic] ==> ignore
    arg [-lcilkrts] ==> lib [cilkrts]
    arg [-lstdc++] ==> lib [stdc++]
    arg [--no-as-needed] ==> ignore
    arg [-lgcc] ==> lib [gcc]
    arg [-lgcc_s] ==> lib [gcc_s]
    arg [-Bstatic] ==> ignore
    arg [-lirc] ==> lib [irc]
    arg [-lsvml] ==> lib [svml]
    arg [-Bdynamic] ==> ignore
    arg [-lc] ==> lib [c]
    arg [-lgcc] ==> lib [gcc]
    arg [-lgcc_s] ==> lib [gcc_s]
    arg [-Bstatic] ==> ignore
    arg [-lirc_s] ==> lib [irc_s]
    arg [-Bdynamic] ==> ignore
    arg [-ldl] ==> lib [dl]
    arg [-lc] ==> lib [c]
    arg [/usr/lib/gcc/x86_64-redhat-linux/4.8.5/crtend.o] ==> ignore
    arg [/usr/lib/gcc/x86_64-redhat-linux/4.8.5/../../../../lib64/crtn.o] ==> ignore
  remove lib [gcc]
  remove lib [gcc_s]
  remove lib [gcc]
  remove lib [gcc_s]
  collapse library dir [/v/apps/python/2.7.3-centos7/lib] ==> [/v/apps/python/2.7.3-centos7/lib]
  collapse library dir [/v/apps/intel/composer_xe_2015.2.164/compiler/lib/intel64] ==> [/v/apps/intel/composer_xe_2015.2.164/compiler/lib/intel64]
  collapse library dir [/usr/lib/gcc/x86_64-redhat-linux/4.8.5/] ==> [/usr/lib/gcc/x86_64-redhat-linux/4.8.5]
  collapse library dir [/usr/lib/gcc/x86_64-redhat-linux/4.8.5/../../../../lib64] ==> [/usr/lib64]
  collapse library dir [/usr/lib/gcc/x86_64-redhat-linux/4.8.5/../../../../lib64/] ==> [/usr/lib64]
  collapse library dir [/lib/../lib64] ==> [/lib64]
  collapse library dir [/lib/../lib64/] ==> [/lib64]
  collapse library dir [/usr/lib/../lib64] ==> [/usr/lib64]
  collapse library dir [/usr/lib/../lib64/] ==> [/usr/lib64]
  collapse library dir [/v/apps/python/2.7.3-centos7/lib/] ==> [/v/apps/python/2.7.3-centos7/lib]
  collapse library dir [/usr/lib/gcc/x86_64-redhat-linux/4.8.5/../../../] ==> [/usr/lib]
  collapse library dir [/lib64] ==> [/lib64]
  collapse library dir [/lib/] ==> [/lib]
  collapse library dir [/usr/lib64] ==> [/usr/lib64]
  collapse library dir [/usr/lib] ==> [/usr/lib]
  implicit libs: [imf;svml;irng;m;ipgo;decimal;cilkrts;stdc++;irc;svml;c;irc_s;dl;c]
  implicit dirs: [/v/apps/python/2.7.3-centos7/lib;/v/apps/intel/composer_xe_2015.2.164/compiler/lib/intel64;/usr/lib/gcc/x86_64-redhat-linux/4.8.5;/usr/lib64;/lib64;/usr/lib;/lib]
  implicit fwks: []




Detecting C [-std=c11] compiler features compiled with the following output:
Change Dir: /u/samar/Documents/git/cpp14/debugger/build/CMakeFiles/CMakeTmp

Run Build Command:"/usr/bin/gmake" "cmTC_c6d96/fast"
/usr/bin/gmake -f CMakeFiles/cmTC_c6d96.dir/build.make CMakeFiles/cmTC_c6d96.dir/build
gmake[1]: Entering directory `/u/samar/Documents/git/cpp14/debugger/build/CMakeFiles/CMakeTmp'
Building C object CMakeFiles/cmTC_c6d96.dir/feature_tests.c.o
/v/apps/intel/composer_xe_2015.2.164/bin/intel64/icc    -std=c11 -o CMakeFiles/cmTC_c6d96.dir/feature_tests.c.o   -c /u/samar/Documents/git/cpp14/debugger/build/CMakeFiles/feature_tests.c
Linking C executable cmTC_c6d96
/v/apps/cmake/3.7.1-centos7/bin/cmake -E cmake_link_script CMakeFiles/cmTC_c6d96.dir/link.txt --verbose=1
/v/apps/intel/composer_xe_2015.2.164/bin/intel64/icc       CMakeFiles/cmTC_c6d96.dir/feature_tests.c.o  -o cmTC_c6d96 -rdynamic 
gmake[1]: Leaving directory `/u/samar/Documents/git/cpp14/debugger/build/CMakeFiles/CMakeTmp'


    Feature record: C_FEATURE:1c_function_prototypes
    Feature record: C_FEATURE:1c_restrict
    Feature record: C_FEATURE:1c_static_assert
    Feature record: C_FEATURE:1c_variadic_macros


Detecting C [-std=c99] compiler features compiled with the following output:
Change Dir: /u/samar/Documents/git/cpp14/debugger/build/CMakeFiles/CMakeTmp

Run Build Command:"/usr/bin/gmake" "cmTC_93a7b/fast"
/usr/bin/gmake -f CMakeFiles/cmTC_93a7b.dir/build.make CMakeFiles/cmTC_93a7b.dir/build
gmake[1]: Entering directory `/u/samar/Documents/git/cpp14/debugger/build/CMakeFiles/CMakeTmp'
Building C object CMakeFiles/cmTC_93a7b.dir/feature_tests.c.o
/v/apps/intel/composer_xe_2015.2.164/bin/intel64/icc    -std=c99 -o CMakeFiles/cmTC_93a7b.dir/feature_tests.c.o   -c /u/samar/Documents/git/cpp14/debugger/build/CMakeFiles/feature_tests.c
Linking C executable cmTC_93a7b
/v/apps/cmake/3.7.1-centos7/bin/cmake -E cmake_link_script CMakeFiles/cmTC_93a7b.dir/link.txt --verbose=1
/v/apps/intel/composer_xe_2015.2.164/bin/intel64/icc       CMakeFiles/cmTC_93a7b.dir/feature_tests.c.o  -o cmTC_93a7b -rdynamic 
gmake[1]: Leaving directory `/u/samar/Documents/git/cpp14/debugger/build/CMakeFiles/CMakeTmp'


    Feature record: C_FEATURE:1c_function_prototypes
    Feature record: C_FEATURE:1c_restrict
    Feature record: C_FEATURE:1c_static_assert
    Feature record: C_FEATURE:1c_variadic_macros


Detecting C [-std=c89] compiler features compiled with the following output:
Change Dir: /u/samar/Documents/git/cpp14/debugger/build/CMakeFiles/CMakeTmp

Run Build Command:"/usr/bin/gmake" "cmTC_c0848/fast"
/usr/bin/gmake -f CMakeFiles/cmTC_c0848.dir/build.make CMakeFiles/cmTC_c0848.dir/build
gmake[1]: Entering directory `/u/samar/Documents/git/cpp14/debugger/build/CMakeFiles/CMakeTmp'
Building C object CMakeFiles/cmTC_c0848.dir/feature_tests.c.o
/v/apps/intel/composer_xe_2015.2.164/bin/intel64/icc    -std=c89 -o CMakeFiles/cmTC_c0848.dir/feature_tests.c.o   -c /u/samar/Documents/git/cpp14/debugger/build/CMakeFiles/feature_tests.c
Linking C executable cmTC_c0848
/v/apps/cmake/3.7.1-centos7/bin/cmake -E cmake_link_script CMakeFiles/cmTC_c0848.dir/link.txt --verbose=1
/v/apps/intel/composer_xe_2015.2.164/bin/intel64/icc       CMakeFiles/cmTC_c0848.dir/feature_tests.c.o  -o cmTC_c0848 -rdynamic 
gmake[1]: Leaving directory `/u/samar/Documents/git/cpp14/debugger/build/CMakeFiles/CMakeTmp'


    Feature record: C_FEATURE:1c_function_prototypes
    Feature record: C_FEATURE:0c_restrict
    Feature record: C_FEATURE:0c_static_assert
    Feature record: C_FEATURE:0c_variadic_macros
Determining if the CXX compiler works passed with the following output:
Change Dir: /u/samar/Documents/git/cpp14/debugger/build/CMakeFiles/CMakeTmp

Run Build Command:"/usr/bin/gmake" "cmTC_365a6/fast"
/usr/bin/gmake -f CMakeFiles/cmTC_365a6.dir/build.make CMakeFiles/cmTC_365a6.dir/build
gmake[1]: Entering directory `/u/samar/Documents/git/cpp14/debugger/build/CMakeFiles/CMakeTmp'
Building CXX object CMakeFiles/cmTC_365a6.dir/testCXXCompiler.cxx.o
/v/apps/intel/composer_xe_2015.2.164/bin/intel64/icpc      -o CMakeFiles/cmTC_365a6.dir/testCXXCompiler.cxx.o -c /u/samar/Documents/git/cpp14/debugger/build/CMakeFiles/CMakeTmp/testCXXCompiler.cxx
Linking CXX executable cmTC_365a6
/v/apps/cmake/3.7.1-centos7/bin/cmake -E cmake_link_script CMakeFiles/cmTC_365a6.dir/link.txt --verbose=1
/v/apps/intel/composer_xe_2015.2.164/bin/intel64/icpc        CMakeFiles/cmTC_365a6.dir/testCXXCompiler.cxx.o  -o cmTC_365a6 -rdynamic 
gmake[1]: Leaving directory `/u/samar/Documents/git/cpp14/debugger/build/CMakeFiles/CMakeTmp'


Detecting CXX compiler ABI info compiled with the following output:
Change Dir: /u/samar/Documents/git/cpp14/debugger/build/CMakeFiles/CMakeTmp

Run Build Command:"/usr/bin/gmake" "cmTC_03e6f/fast"
/usr/bin/gmake -f CMakeFiles/cmTC_03e6f.dir/build.make CMakeFiles/cmTC_03e6f.dir/build
gmake[1]: Entering directory `/u/samar/Documents/git/cpp14/debugger/build/CMakeFiles/CMakeTmp'
Building CXX object CMakeFiles/cmTC_03e6f.dir/CMakeCXXCompilerABI.cpp.o
/v/apps/intel/composer_xe_2015.2.164/bin/intel64/icpc      -o CMakeFiles/cmTC_03e6f.dir/CMakeCXXCompilerABI.cpp.o -c /v/apps/cmake/3.7.1-centos7/share/cmake-3.7/Modules/CMakeCXXCompilerABI.cpp
Linking CXX executable cmTC_03e6f
/v/apps/cmake/3.7.1-centos7/bin/cmake -E cmake_link_script CMakeFiles/cmTC_03e6f.dir/link.txt --verbose=1
/v/apps/intel/composer_xe_2015.2.164/bin/intel64/icpc       -v CMakeFiles/cmTC_03e6f.dir/CMakeCXXCompilerABI.cpp.o  -o cmTC_03e6f -rdynamic  
icpc version 15.0.2 (gcc version 4.8.5 compatibility)
/v/apps/intel/composer_xe_2015.2.164/bin/intel64/mcpcom    -mP1OPT_version=15.0-intel64 -mGLOB_diag_file=CMakeFiles/cmTC_03e6f.dir/CMakeCXXCompilerABI.cpp.diag -mP1OPT_print_version=FALSE -mCG_use_gas_got_workaround=F -mP2OPT_align_option_used=TRUE -mGLOB_gcc_version=485 "-mGLOB_options_string=-v -o cmTC_03e6f -rdynamic" -mGLOB_cxx_limited_range=FALSE -mCG_extend_parms=FALSE -mGLOB_compiler_bin_directory=/v/apps/intel/composer_xe_2015.2.164/bin/intel64 -mGLOB_as_output_backup_file_name=/tmp/icpc90iAAVas_.s -mIPOPT_activate -mGLOB_em64t -mGLOB_product_id_code=0x22006d8e -mP3OPT_use_mspp_call_convention -mP2OPT_subs_out_of_bound=FALSE -mP2OPT_disam_type_based_disam=2 -mP2OPT_disam_assume_ansi_c -mP2OPT_checked_disam_ansi_alias=TRUE -mGLOB_ansi_alias -mPGOPTI_value_profile_use=T -mGLOB_opt_report_use_source_name -mP2OPT_il0_array_sections=TRUE -mGLOB_offload_mode=1 -mP2OPT_offload_unique_var_string=icpc0102147460624UHVolw -mP2OPT_hlo -mP2OPT_hpo_rtt_control=0 -mIPOPT_args_in_regs=0 -mP2OPT_disam_assume_nonstd_intent_in=FALSE -mGLOB_imf_mapping_library=/v/apps/intel/composer_xe_2015.2.164/bin/intel64/libiml_attr.so -mPGOPTI_gen_threadsafe_level=0 -mIPOPT_link -mIPOPT_ipo_activate -mIPOPT_mo_activate -mIPOPT_source_files_list=/tmp/icpcslisaiih0U -mIPOPT_mo_global_data -mIPOPT_link_script_file=/tmp/icpcscript4EKvRf "-mIPOPT_cmdline_link="/usr/lib/gcc/x86_64-redhat-linux/4.8.5/../../../../lib64/crt1.o" "/usr/lib/gcc/x86_64-redhat-linux/4.8.5/../../../../lib64/crti.o" "/usr/lib/gcc/x86_64-redhat-linux/4.8.5/crtbegin.o" "-export-dynamic" "--eh-frame-hdr" "--build-id" "-dynamic-linker" "/lib64/ld-linux-x86-64.so.2" "-m" "elf_x86_64" "-o" "cmTC_03e6f" "-L/v/apps/python/2.7.3-centos7/lib" "-L/v/apps/intel/composer_xe_2015.2.164/compiler/lib/intel64" "-L/usr/lib/gcc/x86_64-redhat-linux/4.8.5/" "-L/usr/lib/gcc/x86_64-redhat-linux/4.8.5/../../../../lib64" "-L/usr/lib/gcc/x86_64-redhat-linux/4.8.5/../../../../lib64/" "-L/lib/../lib64" "-L/lib/../lib64/" "-L/usr/lib/../lib64" "-L/usr/lib/../lib64/" "-L/v/apps/python/2.7.3-centos7/lib/" "-L/usr/lib/gcc/x86_64-redhat-linux/4.8.5/../../../" "-L/lib64" "-L/lib/" "-L/usr/lib64" "-L/usr/lib" "CMakeFiles/cmTC_03e6f.dir/CMakeCXXCompilerABI.cpp.o" "-Bdynamic" "-Bstatic" "-limf" "-lsvml" "-lirng" "-Bdynamic" "-lm" "-Bstatic" "-lipgo" "-ldecimal" "--as-needed" "-Bdynamic" "-lcilkrts" "--no-as-needed" "-lstdc++" "-lgcc" "-lgcc_s" "-Bstatic" "-lirc" "-lsvml" "-Bdynamic" "-lc" "-lgcc" "-lgcc_s" "-Bstatic" "-lirc_s" "-Bdynamic" "-ldl" "-lc" "/usr/lib/gcc/x86_64-redhat-linux/4.8.5/crtend.o" "/usr/lib/gcc/x86_64-redhat-linux/4.8.5/../../../../lib64/crtn.o"" -mIPOPT_il_in_obj -mIPOPT_ipo_activate_warn=FALSE -mIPOPT_obj_output_file_name=/tmp/ipo_icpcuv9XQT.o -mIPOPT_whole_archive_fixup_file_name=/tmp/icpcwarchxDmlAi -mGLOB_linker_version=2.25.1 -mGLOB_long_size_64 -mGLOB_routine_pointer_size_64 -mGLOB_driver_tempfile_name=/tmp/icpctempfilecGYZvD -mP3OPT_asm_target=P3OPT_ASM_TARGET_GAS -mGLOB_async_unwind_tables=TRUE -mGLOB_obj_output_file=/tmp/ipo_icpcuv9XQT.o -mGLOB_source_dialect=GLOB_SOURCE_DIALECT_NONE -mP1OPT_source_file_name=ipo_out.c CMakeFiles/cmTC_03e6f.dir/CMakeCXXCompilerABI.cpp.o -mIPOPT_object_files=T -mIPOPT_assembly_files=/tmp/icpcalisMq9nzz -mIPOPT_generated_tempfiles=/tmp/icpcelishNABqU -mIPOPT_embedded_object_base_name=/tmp/icpceobjUucPhf -mIPOPT_cmdline_link_new_name=/tmp/icpcllislV528z
ld    /usr/lib/gcc/x86_64-redhat-linux/4.8.5/../../../../lib64/crt1.o /usr/lib/gcc/x86_64-redhat-linux/4.8.5/../../../../lib64/crti.o /usr/lib/gcc/x86_64-redhat-linux/4.8.5/crtbegin.o -export-dynamic --eh-frame-hdr --build-id -dynamic-linker /lib64/ld-linux-x86-64.so.2 -m elf_x86_64 -o cmTC_03e6f -L/v/apps/python/2.7.3-centos7/lib -L/v/apps/intel/composer_xe_2015.2.164/compiler/lib/intel64 -L/usr/lib/gcc/x86_64-redhat-linux/4.8.5/ -L/usr/lib/gcc/x86_64-redhat-linux/4.8.5/../../../../lib64 -L/usr/lib/gcc/x86_64-redhat-linux/4.8.5/../../../../lib64/ -L/lib/../lib64 -L/lib/../lib64/ -L/usr/lib/../lib64 -L/usr/lib/../lib64/ -L/v/apps/python/2.7.3-centos7/lib/ -L/usr/lib/gcc/x86_64-redhat-linux/4.8.5/../../../ -L/lib64 -L/lib/ -L/usr/lib64 -L/usr/lib CMakeFiles/cmTC_03e6f.dir/CMakeCXXCompilerABI.cpp.o -Bdynamic -Bstatic -limf -lsvml -lirng -Bdynamic -lm -Bstatic -lipgo -ldecimal --as-needed -Bdynamic -lcilkrts --no-as-needed -lstdc++ -lgcc -lgcc_s -Bstatic -lirc -lsvml -Bdynamic -lc -lgcc -lgcc_s -Bstatic -lirc_s -Bdynamic -ldl -lc /usr/lib/gcc/x86_64-redhat-linux/4.8.5/crtend.o /usr/lib/gcc/x86_64-redhat-linux/4.8.5/../../../../lib64/crtn.o
gmake[1]: Leaving directory `/u/samar/Documents/git/cpp14/debugger/build/CMakeFiles/CMakeTmp'


Parsed CXX implicit link information from above output:
  link line regex: [^( *|.*[/\])(ld|([^/\]+-)?ld|collect2)[^/\]*( |$)]
  ignore line: [Change Dir: /u/samar/Documents/git/cpp14/debugger/build/CMakeFiles/CMakeTmp]
  ignore line: []
  ignore line: [Run Build Command:"/usr/bin/gmake" "cmTC_03e6f/fast"]
  ignore line: [/usr/bin/gmake -f CMakeFiles/cmTC_03e6f.dir/build.make CMakeFiles/cmTC_03e6f.dir/build]
  ignore line: [gmake[1]: Entering directory `/u/samar/Documents/git/cpp14/debugger/build/CMakeFiles/CMakeTmp']
  ignore line: [Building CXX object CMakeFiles/cmTC_03e6f.dir/CMakeCXXCompilerABI.cpp.o]
  ignore line: [/v/apps/intel/composer_xe_2015.2.164/bin/intel64/icpc      -o CMakeFiles/cmTC_03e6f.dir/CMakeCXXCompilerABI.cpp.o -c /v/apps/cmake/3.7.1-centos7/share/cmake-3.7/Modules/CMakeCXXCompilerABI.cpp]
  ignore line: [Linking CXX executable cmTC_03e6f]
  ignore line: [/v/apps/cmake/3.7.1-centos7/bin/cmake -E cmake_link_script CMakeFiles/cmTC_03e6f.dir/link.txt --verbose=1]
  ignore line: [/v/apps/intel/composer_xe_2015.2.164/bin/intel64/icpc       -v CMakeFiles/cmTC_03e6f.dir/CMakeCXXCompilerABI.cpp.o  -o cmTC_03e6f -rdynamic  ]
  ignore line: [icpc version 15.0.2 (gcc version 4.8.5 compatibility)]
  ignore line: [/v/apps/intel/composer_xe_2015.2.164/bin/intel64/mcpcom    -mP1OPT_version=15.0-intel64 -mGLOB_diag_file=CMakeFiles/cmTC_03e6f.dir/CMakeCXXCompilerABI.cpp.diag -mP1OPT_print_version=FALSE -mCG_use_gas_got_workaround=F -mP2OPT_align_option_used=TRUE -mGLOB_gcc_version=485 "-mGLOB_options_string=-v -o cmTC_03e6f -rdynamic" -mGLOB_cxx_limited_range=FALSE -mCG_extend_parms=FALSE -mGLOB_compiler_bin_directory=/v/apps/intel/composer_xe_2015.2.164/bin/intel64 -mGLOB_as_output_backup_file_name=/tmp/icpc90iAAVas_.s -mIPOPT_activate -mGLOB_em64t -mGLOB_product_id_code=0x22006d8e -mP3OPT_use_mspp_call_convention -mP2OPT_subs_out_of_bound=FALSE -mP2OPT_disam_type_based_disam=2 -mP2OPT_disam_assume_ansi_c -mP2OPT_checked_disam_ansi_alias=TRUE -mGLOB_ansi_alias -mPGOPTI_value_profile_use=T -mGLOB_opt_report_use_source_name -mP2OPT_il0_array_sections=TRUE -mGLOB_offload_mode=1 -mP2OPT_offload_unique_var_string=icpc0102147460624UHVolw -mP2OPT_hlo -mP2OPT_hpo_rtt_control=0 -mIPOPT_args_in_regs=0 -mP2OPT_disam_assume_nonstd_intent_in=FALSE -mGLOB_imf_mapping_library=/v/apps/intel/composer_xe_2015.2.164/bin/intel64/libiml_attr.so -mPGOPTI_gen_threadsafe_level=0 -mIPOPT_link -mIPOPT_ipo_activate -mIPOPT_mo_activate -mIPOPT_source_files_list=/tmp/icpcslisaiih0U -mIPOPT_mo_global_data -mIPOPT_link_script_file=/tmp/icpcscript4EKvRf "-mIPOPT_cmdline_link="/usr/lib/gcc/x86_64-redhat-linux/4.8.5/../../../../lib64/crt1.o" "/usr/lib/gcc/x86_64-redhat-linux/4.8.5/../../../../lib64/crti.o" "/usr/lib/gcc/x86_64-redhat-linux/4.8.5/crtbegin.o" "-export-dynamic" "--eh-frame-hdr" "--build-id" "-dynamic-linker" "/lib64/ld-linux-x86-64.so.2" "-m" "elf_x86_64" "-o" "cmTC_03e6f" "-L/v/apps/python/2.7.3-centos7/lib" "-L/v/apps/intel/composer_xe_2015.2.164/compiler/lib/intel64" "-L/usr/lib/gcc/x86_64-redhat-linux/4.8.5/" "-L/usr/lib/gcc/x86_64-redhat-linux/4.8.5/../../../../lib64" "-L/usr/lib/gcc/x86_64-redhat-linux/4.8.5/../../../../lib64/" "-L/lib/../lib64" "-L/lib/../lib64/" "-L/usr/lib/../lib64" "-L/usr/lib/../lib64/" "-L/v/apps/python/2.7.3-centos7/lib/" "-L/usr/lib/gcc/x86_64-redhat-linux/4.8.5/../../../" "-L/lib64" "-L/lib/" "-L/usr/lib64" "-L/usr/lib" "CMakeFiles/cmTC_03e6f.dir/CMakeCXXCompilerABI.cpp.o" "-Bdynamic" "-Bstatic" "-limf" "-lsvml" "-lirng" "-Bdynamic" "-lm" "-Bstatic" "-lipgo" "-ldecimal" "--as-needed" "-Bdynamic" "-lcilkrts" "--no-as-needed" "-lstdc++" "-lgcc" "-lgcc_s" "-Bstatic" "-lirc" "-lsvml" "-Bdynamic" "-lc" "-lgcc" "-lgcc_s" "-Bstatic" "-lirc_s" "-Bdynamic" "-ldl" "-lc" "/usr/lib/gcc/x86_64-redhat-linux/4.8.5/crtend.o" "/usr/lib/gcc/x86_64-redhat-linux/4.8.5/../../../../lib64/crtn.o"" -mIPOPT_il_in_obj -mIPOPT_ipo_activate_warn=FALSE -mIPOPT_obj_output_file_name=/tmp/ipo_icpcuv9XQT.o -mIPOPT_whole_archive_fixup_file_name=/tmp/icpcwarchxDmlAi -mGLOB_linker_version=2.25.1 -mGLOB_long_size_64 -mGLOB_routine_pointer_size_64 -mGLOB_driver_tempfile_name=/tmp/icpctempfilecGYZvD -mP3OPT_asm_target=P3OPT_ASM_TARGET_GAS -mGLOB_async_unwind_tables=TRUE -mGLOB_obj_output_file=/tmp/ipo_icpcuv9XQT.o -mGLOB_source_dialect=GLOB_SOURCE_DIALECT_NONE -mP1OPT_source_file_name=ipo_out.c CMakeFiles/cmTC_03e6f.dir/CMakeCXXCompilerABI.cpp.o -mIPOPT_object_files=T -mIPOPT_assembly_files=/tmp/icpcalisMq9nzz -mIPOPT_generated_tempfiles=/tmp/icpcelishNABqU -mIPOPT_embedded_object_base_name=/tmp/icpceobjUucPhf -mIPOPT_cmdline_link_new_name=/tmp/icpcllislV528z]
  link line: [ld    /usr/lib/gcc/x86_64-redhat-linux/4.8.5/../../../../lib64/crt1.o /usr/lib/gcc/x86_64-redhat-linux/4.8.5/../../../../lib64/crti.o /usr/lib/gcc/x86_64-redhat-linux/4.8.5/crtbegin.o -export-dynamic --eh-frame-hdr --build-id -dynamic-linker /lib64/ld-linux-x86-64.so.2 -m elf_x86_64 -o cmTC_03e6f -L/v/apps/python/2.7.3-centos7/lib -L/v/apps/intel/composer_xe_2015.2.164/compiler/lib/intel64 -L/usr/lib/gcc/x86_64-redhat-linux/4.8.5/ -L/usr/lib/gcc/x86_64-redhat-linux/4.8.5/../../../../lib64 -L/usr/lib/gcc/x86_64-redhat-linux/4.8.5/../../../../lib64/ -L/lib/../lib64 -L/lib/../lib64/ -L/usr/lib/../lib64 -L/usr/lib/../lib64/ -L/v/apps/python/2.7.3-centos7/lib/ -L/usr/lib/gcc/x86_64-redhat-linux/4.8.5/../../../ -L/lib64 -L/lib/ -L/usr/lib64 -L/usr/lib CMakeFiles/cmTC_03e6f.dir/CMakeCXXCompilerABI.cpp.o -Bdynamic -Bstatic -limf -lsvml -lirng -Bdynamic -lm -Bstatic -lipgo -ldecimal --as-needed -Bdynamic -lcilkrts --no-as-needed -lstdc++ -lgcc -lgcc_s -Bstatic -lirc -lsvml -Bdynamic -lc -lgcc -lgcc_s -Bstatic -lirc_s -Bdynamic -ldl -lc /usr/lib/gcc/x86_64-redhat-linux/4.8.5/crtend.o /usr/lib/gcc/x86_64-redhat-linux/4.8.5/../../../../lib64/crtn.o]
    arg [ld] ==> ignore
    arg [/usr/lib/gcc/x86_64-redhat-linux/4.8.5/../../../../lib64/crt1.o] ==> ignore
    arg [/usr/lib/gcc/x86_64-redhat-linux/4.8.5/../../../../lib64/crti.o] ==> ignore
    arg [/usr/lib/gcc/x86_64-redhat-linux/4.8.5/crtbegin.o] ==> ignore
    arg [-export-dynamic] ==> ignore
    arg [--eh-frame-hdr] ==> ignore
    arg [--build-id] ==> ignore
    arg [-dynamic-linker] ==> ignore
    arg [/lib64/ld-linux-x86-64.so.2] ==> ignore
    arg [-m] ==> ignore
    arg [elf_x86_64] ==> ignore
    arg [-o] ==> ignore
    arg [cmTC_03e6f] ==> ignore
    arg [-L/v/apps/python/2.7.3-centos7/lib] ==> dir [/v/apps/python/2.7.3-centos7/lib]
    arg [-L/v/apps/intel/composer_xe_2015.2.164/compiler/lib/intel64] ==> dir [/v/apps/intel/composer_xe_2015.2.164/compiler/lib/intel64]
    arg [-L/usr/lib/gcc/x86_64-redhat-linux/4.8.5/] ==> dir [/usr/lib/gcc/x86_64-redhat-linux/4.8.5/]
    arg [-L/usr/lib/gcc/x86_64-redhat-linux/4.8.5/../../../../lib64] ==> dir [/usr/lib/gcc/x86_64-redhat-linux/4.8.5/../../../../lib64]
    arg [-L/usr/lib/gcc/x86_64-redhat-linux/4.8.5/../../../../lib64/] ==> dir [/usr/lib/gcc/x86_64-redhat-linux/4.8.5/../../../../lib64/]
    arg [-L/lib/../lib64] ==> dir [/lib/../lib64]
    arg [-L/lib/../lib64/] ==> dir [/lib/../lib64/]
    arg [-L/usr/lib/../lib64] ==> dir [/usr/lib/../lib64]
    arg [-L/usr/lib/../lib64/] ==> dir [/usr/lib/../lib64/]
    arg [-L/v/apps/python/2.7.3-centos7/lib/] ==> dir [/v/apps/python/2.7.3-centos7/lib/]
    arg [-L/usr/lib/gcc/x86_64-redhat-linux/4.8.5/../../../] ==> dir [/usr/lib/gcc/x86_64-redhat-linux/4.8.5/../../../]
    arg [-L/lib64] ==> dir [/lib64]
    arg [-L/lib/] ==> dir [/lib/]
    arg [-L/usr/lib64] ==> dir [/usr/lib64]
    arg [-L/usr/lib] ==> dir [/usr/lib]
    arg [CMakeFiles/cmTC_03e6f.dir/CMakeCXXCompilerABI.cpp.o] ==> ignore
    arg [-Bdynamic] ==> ignore
    arg [-Bstatic] ==> ignore
    arg [-limf] ==> lib [imf]
    arg [-lsvml] ==> lib [svml]
    arg [-lirng] ==> lib [irng]
    arg [-Bdynamic] ==> ignore
    arg [-lm] ==> lib [m]
    arg [-Bstatic] ==> ignore
    arg [-lipgo] ==> lib [ipgo]
    arg [-ldecimal] ==> lib [decimal]
    arg [--as-needed] ==> ignore
    arg [-Bdynamic] ==> ignore
    arg [-lcilkrts] ==> lib [cilkrts]
    arg [--no-as-needed] ==> ignore
    arg [-lstdc++] ==> lib [stdc++]
    arg [-lgcc] ==> lib [gcc]
    arg [-lgcc_s] ==> lib [gcc_s]
    arg [-Bstatic] ==> ignore
    arg [-lirc] ==> lib [irc]
    arg [-lsvml] ==> lib [svml]
    arg [-Bdynamic] ==> ignore
    arg [-lc] ==> lib [c]
    arg [-lgcc] ==> lib [gcc]
    arg [-lgcc_s] ==> lib [gcc_s]
    arg [-Bstatic] ==> ignore
    arg [-lirc_s] ==> lib [irc_s]
    arg [-Bdynamic] ==> ignore
    arg [-ldl] ==> lib [dl]
    arg [-lc] ==> lib [c]
    arg [/usr/lib/gcc/x86_64-redhat-linux/4.8.5/crtend.o] ==> ignore
    arg [/usr/lib/gcc/x86_64-redhat-linux/4.8.5/../../../../lib64/crtn.o] ==> ignore
  remove lib [gcc]
  remove lib [gcc_s]
  remove lib [gcc]
  remove lib [gcc_s]
  collapse library dir [/v/apps/python/2.7.3-centos7/lib] ==> [/v/apps/python/2.7.3-centos7/lib]
  collapse library dir [/v/apps/intel/composer_xe_2015.2.164/compiler/lib/intel64] ==> [/v/apps/intel/composer_xe_2015.2.164/compiler/lib/intel64]
  collapse library dir [/usr/lib/gcc/x86_64-redhat-linux/4.8.5/] ==> [/usr/lib/gcc/x86_64-redhat-linux/4.8.5]
  collapse library dir [/usr/lib/gcc/x86_64-redhat-linux/4.8.5/../../../../lib64] ==> [/usr/lib64]
  collapse library dir [/usr/lib/gcc/x86_64-redhat-linux/4.8.5/../../../../lib64/] ==> [/usr/lib64]
  collapse library dir [/lib/../lib64] ==> [/lib64]
  collapse library dir [/lib/../lib64/] ==> [/lib64]
  collapse library dir [/usr/lib/../lib64] ==> [/usr/lib64]
  collapse library dir [/usr/lib/../lib64/] ==> [/usr/lib64]
  collapse library dir [/v/apps/python/2.7.3-centos7/lib/] ==> [/v/apps/python/2.7.3-centos7/lib]
  collapse library dir [/usr/lib/gcc/x86_64-redhat-linux/4.8.5/../../../] ==> [/usr/lib]
  collapse library dir [/lib64] ==> [/lib64]
  collapse library dir [/lib/] ==> [/lib]
  collapse library dir [/usr/lib64] ==> [/usr/lib64]
  collapse library dir [/usr/lib] ==> [/usr/lib]
  implicit libs: [imf;svml;irng;m;ipgo;decimal;cilkrts;stdc++;irc;svml;c;irc_s;dl;c]
  implicit dirs: [/v/apps/python/2.7.3-centos7/lib;/v/apps/intel/composer_xe_2015.2.164/compiler/lib/intel64;/usr/lib/gcc/x86_64-redhat-linux/4.8.5;/usr/lib64;/lib64;/usr/lib;/lib]
  implicit fwks: []




Detecting CXX [-std=c++14] compiler features compiled with the following output:
Change Dir: /u/samar/Documents/git/cpp14/debugger/build/CMakeFiles/CMakeTmp

Run Build Command:"/usr/bin/gmake" "cmTC_a984a/fast"
/usr/bin/gmake -f CMakeFiles/cmTC_a984a.dir/build.make CMakeFiles/cmTC_a984a.dir/build
gmake[1]: Entering directory `/u/samar/Documents/git/cpp14/debugger/build/CMakeFiles/CMakeTmp'
Building CXX object CMakeFiles/cmTC_a984a.dir/feature_tests.cxx.o
/v/apps/intel/composer_xe_2015.2.164/bin/intel64/icpc     -std=c++14 -o CMakeFiles/cmTC_a984a.dir/feature_tests.cxx.o -c /u/samar/Documents/git/cpp14/debugger/build/CMakeFiles/feature_tests.cxx
Linking CXX executable cmTC_a984a
/v/apps/cmake/3.7.1-centos7/bin/cmake -E cmake_link_script CMakeFiles/cmTC_a984a.dir/link.txt --verbose=1
/v/apps/intel/composer_xe_2015.2.164/bin/intel64/icpc        CMakeFiles/cmTC_a984a.dir/feature_tests.cxx.o  -o cmTC_a984a -rdynamic 
gmake[1]: Leaving directory `/u/samar/Documents/git/cpp14/debugger/build/CMakeFiles/CMakeTmp'


    Feature record: CXX_FEATURE:0cxx_aggregate_default_initializers
    Feature record: CXX_FEATURE:1cxx_alias_templates
    Feature record: CXX_FEATURE:1cxx_alignas
    Feature record: CXX_FEATURE:1cxx_alignof
    Feature record: CXX_FEATURE:1cxx_attributes
    Feature record: CXX_FEATURE:1cxx_attribute_deprecated
    Feature record: CXX_FEATURE:1cxx_auto_type
    Feature record: CXX_FEATURE:1cxx_binary_literals
    Feature record: CXX_FEATURE:1cxx_constexpr
    Feature record: CXX_FEATURE:0cxx_contextual_conversions
    Feature record: CXX_FEATURE:1cxx_decltype
    Feature record: CXX_FEATURE:1cxx_decltype_auto
    Feature record: CXX_FEATURE:1cxx_decltype_incomplete_return_types
    Feature record: CXX_FEATURE:1cxx_default_function_template_args
    Feature record: CXX_FEATURE:1cxx_defaulted_functions
    Feature record: CXX_FEATURE:1cxx_defaulted_move_initializers
    Feature record: CXX_FEATURE:1cxx_delegating_constructors
    Feature record: CXX_FEATURE:1cxx_deleted_functions
    Feature record: CXX_FEATURE:0cxx_digit_separators
    Feature record: CXX_FEATURE:1cxx_enum_forward_declarations
    Feature record: CXX_FEATURE:1cxx_explicit_conversions
    Feature record: CXX_FEATURE:1cxx_extended_friend_declarations
    Feature record: CXX_FEATURE:1cxx_extern_templates
    Feature record: CXX_FEATURE:1cxx_final
    Feature record: CXX_FEATURE:1cxx_func_identifier
    Feature record: CXX_FEATURE:0cxx_generic_lambdas
    Feature record: CXX_FEATURE:1cxx_inheriting_constructors
    Feature record: CXX_FEATURE:1cxx_inline_namespaces
    Feature record: CXX_FEATURE:1cxx_lambdas
    Feature record: CXX_FEATURE:1cxx_lambda_init_captures
    Feature record: CXX_FEATURE:1cxx_local_type_template_args
    Feature record: CXX_FEATURE:1cxx_long_long_type
    Feature record: CXX_FEATURE:1cxx_noexcept
    Feature record: CXX_FEATURE:1cxx_nonstatic_member_init
    Feature record: CXX_FEATURE:1cxx_nullptr
    Feature record: CXX_FEATURE:1cxx_override
    Feature record: CXX_FEATURE:1cxx_range_for
    Feature record: CXX_FEATURE:1cxx_raw_string_literals
    Feature record: CXX_FEATURE:1cxx_reference_qualified_functions
    Feature record: CXX_FEATURE:0cxx_relaxed_constexpr
    Feature record: CXX_FEATURE:1cxx_return_type_deduction
    Feature record: CXX_FEATURE:1cxx_right_angle_brackets
    Feature record: CXX_FEATURE:1cxx_rvalue_references
    Feature record: CXX_FEATURE:1cxx_sizeof_member
    Feature record: CXX_FEATURE:1cxx_static_assert
    Feature record: CXX_FEATURE:1cxx_strong_enums
    Feature record: CXX_FEATURE:1cxx_template_template_parameters
    Feature record: CXX_FEATURE:1cxx_thread_local
    Feature record: CXX_FEATURE:1cxx_trailing_return_types
    Feature record: CXX_FEATURE:1cxx_unicode_literals
    Feature record: CXX_FEATURE:1cxx_uniform_initialization
    Feature record: CXX_FEATURE:1cxx_unrestricted_unions
    Feature record: CXX_FEATURE:1cxx_user_literals
    Feature record: CXX_FEATURE:0cxx_variable_templates
    Feature record: CXX_FEATURE:1cxx_variadic_macros
    Feature record: CXX_FEATURE:1cxx_variadic_templates


Detecting CXX [-std=c++11] compiler features compiled with the following output:
Change Dir: /u/samar/Documents/git/cpp14/debugger/build/CMakeFiles/CMakeTmp

Run Build Command:"/usr/bin/gmake" "cmTC_09e57/fast"
/usr/bin/gmake -f CMakeFiles/cmTC_09e57.dir/build.make CMakeFiles/cmTC_09e57.dir/build
gmake[1]: Entering directory `/u/samar/Documents/git/cpp14/debugger/build/CMakeFiles/CMakeTmp'
Building CXX object CMakeFiles/cmTC_09e57.dir/feature_tests.cxx.o
/v/apps/intel/composer_xe_2015.2.164/bin/intel64/icpc     -std=c++11 -o CMakeFiles/cmTC_09e57.dir/feature_tests.cxx.o -c /u/samar/Documents/git/cpp14/debugger/build/CMakeFiles/feature_tests.cxx
Linking CXX executable cmTC_09e57
/v/apps/cmake/3.7.1-centos7/bin/cmake -E cmake_link_script CMakeFiles/cmTC_09e57.dir/link.txt --verbose=1
/v/apps/intel/composer_xe_2015.2.164/bin/intel64/icpc        CMakeFiles/cmTC_09e57.dir/feature_tests.cxx.o  -o cmTC_09e57 -rdynamic 
gmake[1]: Leaving directory `/u/samar/Documents/git/cpp14/debugger/build/CMakeFiles/CMakeTmp'


    Feature record: CXX_FEATURE:0cxx_aggregate_default_initializers
    Feature record: CXX_FEATURE:1cxx_alias_templates
    Feature record: CXX_FEATURE:1cxx_alignas
    Feature record: CXX_FEATURE:1cxx_alignof
    Feature record: CXX_FEATURE:1cxx_attributes
    Feature record: CXX_FEATURE:0cxx_attribute_deprecated
    Feature record: CXX_FEATURE:1cxx_auto_type
    Feature record: CXX_FEATURE:1cxx_binary_literals
    Feature record: CXX_FEATURE:1cxx_constexpr
    Feature record: CXX_FEATURE:0cxx_contextual_conversions
    Feature record: CXX_FEATURE:1cxx_decltype
    Feature record: CXX_FEATURE:0cxx_decltype_auto
    Feature record: CXX_FEATURE:1cxx_decltype_incomplete_return_types
    Feature record: CXX_FEATURE:1cxx_default_function_template_args
    Feature record: CXX_FEATURE:1cxx_defaulted_functions
    Feature record: CXX_FEATURE:1cxx_defaulted_move_initializers
    Feature record: CXX_FEATURE:1cxx_delegating_constructors
    Feature record: CXX_FEATURE:1cxx_deleted_functions
    Feature record: CXX_FEATURE:0cxx_digit_separators
    Feature record: CXX_FEATURE:1cxx_enum_forward_declarations
    Feature record: CXX_FEATURE:1cxx_explicit_conversions
    Feature record: CXX_FEATURE:1cxx_extended_friend_declarations
    Feature record: CXX_FEATURE:1cxx_extern_templates
    Feature record: CXX_FEATURE:1cxx_final
    Feature record: CXX_FEATURE:1cxx_func_identifier
    Feature record: CXX_FEATURE:0cxx_generic_lambdas
    Feature record: CXX_FEATURE:1cxx_inheriting_constructors
    Feature record: CXX_FEATURE:1cxx_inline_namespaces
    Feature record: CXX_FEATURE:1cxx_lambdas
    Feature record: CXX_FEATURE:0cxx_lambda_init_captures
    Feature record: CXX_FEATURE:1cxx_local_type_template_args
    Feature record: CXX_FEATURE:1cxx_long_long_type
    Feature record: CXX_FEATURE:1cxx_noexcept
    Feature record: CXX_FEATURE:1cxx_nonstatic_member_init
    Feature record: CXX_FEATURE:1cxx_nullptr
    Feature record: CXX_FEATURE:1cxx_override
    Feature record: CXX_FEATURE:1cxx_range_for
    Feature record: CXX_FEATURE:1cxx_raw_string_literals
    Feature record: CXX_FEATURE:1cxx_reference_qualified_functions
    Feature record: CXX_FEATURE:0cxx_relaxed_constexpr
    Feature record: CXX_FEATURE:0cxx_return_type_deduction
    Feature record: CXX_FEATURE:1cxx_right_angle_brackets
    Feature record: CXX_FEATURE:1cxx_rvalue_references
    Feature record: CXX_FEATURE:1cxx_sizeof_member
    Feature record: CXX_FEATURE:1cxx_static_assert
    Feature record: CXX_FEATURE:1cxx_strong_enums
    Feature record: CXX_FEATURE:1cxx_template_template_parameters
    Feature record: CXX_FEATURE:1cxx_thread_local
    Feature record: CXX_FEATURE:1cxx_trailing_return_types
    Feature record: CXX_FEATURE:1cxx_unicode_literals
    Feature record: CXX_FEATURE:1cxx_uniform_initialization
    Feature record: CXX_FEATURE:1cxx_unrestricted_unions
    Feature record: CXX_FEATURE:1cxx_user_literals
    Feature record: CXX_FEATURE:0cxx_variable_templates
    Feature record: CXX_FEATURE:1cxx_variadic_macros
    Feature record: CXX_FEATURE:1cxx_variadic_templates


Detecting CXX [-std=c++98] compiler features compiled with the following output:
Change Dir: /u/samar/Documents/git/cpp14/debugger/build/CMakeFiles/CMakeTmp

Run Build Command:"/usr/bin/gmake" "cmTC_56e32/fast"
/usr/bin/gmake -f CMakeFiles/cmTC_56e32.dir/build.make CMakeFiles/cmTC_56e32.dir/build
gmake[1]: Entering directory `/u/samar/Documents/git/cpp14/debugger/build/CMakeFiles/CMakeTmp'
Building CXX object CMakeFiles/cmTC_56e32.dir/feature_tests.cxx.o
/v/apps/intel/composer_xe_2015.2.164/bin/intel64/icpc     -std=c++98 -o CMakeFiles/cmTC_56e32.dir/feature_tests.cxx.o -c /u/samar/Documents/git/cpp14/debugger/build/CMakeFiles/feature_tests.cxx
Linking CXX executable cmTC_56e32
/v/apps/cmake/3.7.1-centos7/bin/cmake -E cmake_link_script CMakeFiles/cmTC_56e32.dir/link.txt --verbose=1
/v/apps/intel/composer_xe_2015.2.164/bin/intel64/icpc        CMakeFiles/cmTC_56e32.dir/feature_tests.cxx.o  -o cmTC_56e32 -rdynamic 
gmake[1]: Leaving directory `/u/samar/Documents/git/cpp14/debugger/build/CMakeFiles/CMakeTmp'


    Feature record: CXX_FEATURE:0cxx_aggregate_default_initializers
    Feature record: CXX_FEATURE:0cxx_alias_templates
    Feature record: CXX_FEATURE:0cxx_alignas
    Feature record: CXX_FEATURE:0cxx_alignof
    Feature record: CXX_FEATURE:0cxx_attributes
    Feature record: CXX_FEATURE:0cxx_attribute_deprecated
    Feature record: CXX_FEATURE:0cxx_auto_type
    Feature record: CXX_FEATURE:0cxx_binary_literals
    Feature record: CXX_FEATURE:0cxx_constexpr
    Feature record: CXX_FEATURE:0cxx_contextual_conversions
    Feature record: CXX_FEATURE:0cxx_decltype
    Feature record: CXX_FEATURE:0cxx_decltype_auto
    Feature record: CXX_FEATURE:0cxx_decltype_incomplete_return_types
    Feature record: CXX_FEATURE:0cxx_default_function_template_args
    Feature record: CXX_FEATURE:0cxx_defaulted_functions
    Feature record: CXX_FEATURE:0cxx_defaulted_move_initializers
    Feature record: CXX_FEATURE:0cxx_delegating_constructors
    Feature record: CXX_FEATURE:0cxx_deleted_functions
    Feature record: CXX_FEATURE:0cxx_digit_separators
    Feature record: CXX_FEATURE:0cxx_enum_forward_declarations
    Feature record: CXX_FEATURE:0cxx_explicit_conversions
    Feature record: CXX_FEATURE:0cxx_extended_friend_declarations
    Feature record: CXX_FEATURE:0cxx_extern_templates
    Feature record: CXX_FEATURE:0cxx_final
    Feature record: CXX_FEATURE:0cxx_func_identifier
    Feature record: CXX_FEATURE:0cxx_generic_lambdas
    Feature record: CXX_FEATURE:0cxx_inheriting_constructors
    Feature record: CXX_FEATURE:0cxx_inline_namespaces
    Feature record: CXX_FEATURE:0cxx_lambdas
    Feature record: CXX_FEATURE:0cxx_lambda_init_captures
    Feature record: CXX_FEATURE:0cxx_local_type_template_args
    Feature record: CXX_FEATURE:0cxx_long_long_type
    Feature record: CXX_FEATURE:0cxx_noexcept
    Feature record: CXX_FEATURE:0cxx_nonstatic_member_init
    Feature record: CXX_FEATURE:0cxx_nullptr
    Feature record: CXX_FEATURE:0cxx_override
    Feature record: CXX_FEATURE:0cxx_range_for
    Feature record: CXX_FEATURE:0cxx_raw_string_literals
    Feature record: CXX_FEATURE:0cxx_reference_qualified_functions
    Feature record: CXX_FEATURE:0cxx_relaxed_constexpr
    Feature record: CXX_FEATURE:0cxx_return_type_deduction
    Feature record: CXX_FEATURE:0cxx_right_angle_brackets
    Feature record: CXX_FEATURE:0cxx_rvalue_references
    Feature record: CXX_FEATURE:0cxx_sizeof_member
    Feature record: CXX_FEATURE:0cxx_static_assert
    Feature record: CXX_FEATURE:0cxx_strong_enums
    Feature record: CXX_FEATURE:0cxx_template_template_parameters
    Feature record: CXX_FEATURE:0cxx_thread_local
    Feature record: CXX_FEATURE:0cxx_trailing_return_types
    Feature record: CXX_FEATURE:0cxx_unicode_literals
    Feature record: CXX_FEATURE:0cxx_uniform_initialization
    Feature record: CXX_FEATURE:0cxx_unrestricted_unions
    Feature record: CXX_FEATURE:0cxx_user_literals
    Feature record: CXX_FEATURE:0cxx_variable_templates
    Feature record: CXX_FEATURE:0cxx_variadic_macros
    Feature record: CXX_FEATURE:0cxx_variadic_templates
