The system is: Linux - 4.4.0-66-generic - x86_64
Compiling the C compiler identification source file "CMakeCCompilerId.c" succeeded.
Compiler: /opt/intel/bin/icc 
Build flags: 
Id flags: 

The output was:
0


Compilation of the C compiler identification source "CMakeCCompilerId.c" produced "a.out"

The C compiler identification is Intel, found in "/u/samar/Documents/git/cpp14/code/c2/1/_build/CMakeFiles/3.7.1/CompilerIdC/a.out"

Compiling the CXX compiler identification source file "CMakeCXXCompilerId.cpp" succeeded.
Compiler: /opt/intel/bin/icpc 
Build flags: 
Id flags: 

The output was:
0


Compilation of the CXX compiler identification source "CMakeCXXCompilerId.cpp" produced "a.out"

The CXX compiler identification is Intel, found in "/u/samar/Documents/git/cpp14/code/c2/1/_build/CMakeFiles/3.7.1/CompilerIdCXX/a.out"

Determining if the C compiler works passed with the following output:
Change Dir: /u/samar/Documents/git/cpp14/code/c2/1/_build/CMakeFiles/CMakeTmp

Run Build Command:"/usr/bin/make" "cmTC_a8344/fast"
make -j8 -f CMakeFiles/cmTC_a8344.dir/build.make CMakeFiles/cmTC_a8344.dir/build
make[1]: Entering directory '/u/samar/Documents/git/cpp14/code/c2/1/_build/CMakeFiles/CMakeTmp'
Building C object CMakeFiles/cmTC_a8344.dir/testCCompiler.c.o
/opt/intel/bin/icc     -o CMakeFiles/cmTC_a8344.dir/testCCompiler.c.o   -c /u/samar/Documents/git/cpp14/code/c2/1/_build/CMakeFiles/CMakeTmp/testCCompiler.c
Linking C executable cmTC_a8344
/v/apps/cmake/3.7.1-ubuntu/bin/cmake -E cmake_link_script CMakeFiles/cmTC_a8344.dir/link.txt --verbose=1
/opt/intel/bin/icc       CMakeFiles/cmTC_a8344.dir/testCCompiler.c.o  -o cmTC_a8344 -rdynamic 
make[1]: Leaving directory '/u/samar/Documents/git/cpp14/code/c2/1/_build/CMakeFiles/CMakeTmp'


Detecting C compiler ABI info compiled with the following output:
Change Dir: /u/samar/Documents/git/cpp14/code/c2/1/_build/CMakeFiles/CMakeTmp

Run Build Command:"/usr/bin/make" "cmTC_8fa0b/fast"
make -j8 -f CMakeFiles/cmTC_8fa0b.dir/build.make CMakeFiles/cmTC_8fa0b.dir/build
make[1]: Entering directory '/u/samar/Documents/git/cpp14/code/c2/1/_build/CMakeFiles/CMakeTmp'
Building C object CMakeFiles/cmTC_8fa0b.dir/CMakeCCompilerABI.c.o
/opt/intel/bin/icc     -o CMakeFiles/cmTC_8fa0b.dir/CMakeCCompilerABI.c.o   -c /v/apps/cmake/3.7.1-ubuntu/share/cmake-3.7/Modules/CMakeCCompilerABI.c
Linking C executable cmTC_8fa0b
/v/apps/cmake/3.7.1-ubuntu/bin/cmake -E cmake_link_script CMakeFiles/cmTC_8fa0b.dir/link.txt --verbose=1
/opt/intel/bin/icc      -v CMakeFiles/cmTC_8fa0b.dir/CMakeCCompilerABI.c.o  -o cmTC_8fa0b -rdynamic  
icc version 17.0.1 (gcc version 5.0.0 compatibility)
/opt/intel/compilers_and_libraries_2017.1.132/linux/bin/intel64/mcpcom    -mGLOB_em64t=TRUE -mP1OPT_version=17.0-intel64 -mGLOB_diag_file=CMakeFiles/cmTC_8fa0b.dir/CMakeCCompilerABI.c.diag -mGLOB_long_size_64 -mGLOB_routine_pointer_size_64 -mP1OPT_print_version=FALSE -mCG_use_gas_got_workaround=F -mP2OPT_align_option_used=TRUE -mGLOB_gcc_version=500 "-mGLOB_options_string=-v -o cmTC_8fa0b -rdynamic" -mGLOB_cxx_limited_range=FALSE -mCG_extend_parms=FALSE -mGLOB_compiler_bin_directory=/opt/intel/compilers_and_libraries_2017.1.132/linux/bin/intel64 -mGLOB_as_output_backup_file_name=/tmp/iccy3yIhYas_.s -mGLOB_dashboard_use_source_name -mIPOPT_activate -mGLOB_product_id_code=0x22006d91 -mP3OPT_use_mspp_call_convention -mP2OPT_subs_out_of_bound=FALSE -mP2OPT_disam_type_based_disam=2 -mP2OPT_disam_assume_ansi_c -mP2OPT_checked_disam_ansi_alias=TRUE -mGLOB_ansi_alias -mPGOPTI_value_profile_use=T -mGLOB_opt_report_use_source_name -mP2OPT_il0_array_sections=TRUE -mGLOB_offload_mode=1 -mP2OPT_offload_unique_var_string=icc1271227922gBO3tU -mP2OPT_hlo -mP2OPT_hpo_rtt_control=0 -mIPOPT_args_in_regs=0 -mP2OPT_disam_assume_nonstd_intent_in=FALSE -mGLOB_imf_mapping_library=/opt/intel/compilers_and_libraries_2017.1.132/linux/bin/intel64/libiml_attr.so -mPGOPTI_gen_threadsafe_level=0 -mIPOPT_link -mIPOPT_ipo_activate -mIPOPT_mo_activate -mIPOPT_source_files_list=/tmp/iccslis1uH0JX -mIPOPT_mo_global_data -mIPOPT_link_script_file=/tmp/iccscriptaoEXUX "-mIPOPT_cmdline_link="/usr/lib/gcc/x86_64-linux-gnu/5/../../../x86_64-linux-gnu/crt1.o" "/usr/lib/gcc/x86_64-linux-gnu/5/../../../x86_64-linux-gnu/crti.o" "/usr/lib/gcc/x86_64-linux-gnu/5/crtbegin.o" "-export-dynamic" "--eh-frame-hdr" "--build-id" "-dynamic-linker" "/lib64/ld-linux-x86-64.so.2" "-m" "elf_x86_64" "-o" "cmTC_8fa0b" "-L/opt/intel/compilers_and_libraries_2017.1.132/linux/compiler/lib/intel64_lin" "-L/usr/lib/gcc/x86_64-linux-gnu/5/" "-L/usr/lib/gcc/x86_64-linux-gnu/5/../../../x86_64-linux-gnu/" "-L/usr/lib/gcc/x86_64-linux-gnu/5/../../../../lib64" "-L/usr/lib/gcc/x86_64-linux-gnu/5/../../../../lib/" "-L/lib/x86_64-linux-gnu/" "-L/lib/../lib64" "-L/lib/../lib/" "-L/usr/lib/x86_64-linux-gnu/" "-L/usr/lib/../lib64" "-L/usr/lib/../lib/" "-L/usr/lib/gcc/x86_64-linux-gnu/5/../../../" "-L/lib64" "-L/lib/" "-L/usr/lib64" "-L/usr/lib" "-L/usr/lib/i386-linux-gnu" "CMakeFiles/cmTC_8fa0b.dir/CMakeCCompilerABI.c.o" "-Bdynamic" "-Bstatic" "-limf" "-lsvml" "-lirng" "-Bdynamic" "-lm" "-Bstatic" "-lipgo" "-ldecimal" "--as-needed" "-Bdynamic" "-lcilkrts" "-lstdc++" "--no-as-needed" "-lgcc" "-lgcc_s" "-Bstatic" "-lirc" "-lsvml" "-Bdynamic" "-lc" "-lgcc" "-lgcc_s" "-Bstatic" "-lirc_s" "-Bdynamic" "-ldl" "-lc" "/usr/lib/gcc/x86_64-linux-gnu/5/crtend.o" "/usr/lib/gcc/x86_64-linux-gnu/5/../../../x86_64-linux-gnu/crtn.o"" -mIPOPT_il_in_obj -mIPOPT_ipo_activate_warn=FALSE -mIPOPT_obj_output_file_name=/tmp/ipo_iccNsNoGW.o -mIPOPT_whole_archive_fixup_file_name=/tmp/iccwarchTvCBSY -mGLOB_linker_version=2.26.1 -mGLOB_driver_tempfile_name=/tmp/icctempfileYoip5Y -mP3OPT_asm_target=P3OPT_ASM_TARGET_GAS -mGLOB_async_unwind_tables=TRUE -mGLOB_obj_output_file=/tmp/ipo_iccNsNoGW.o -mGLOB_source_dialect=GLOB_SOURCE_DIALECT_NONE -mP1OPT_source_file_name=ipo_out.c CMakeFiles/cmTC_8fa0b.dir/CMakeCCompilerABI.c.o -mIPOPT_object_files=T -mIPOPT_assembly_files=/tmp/iccalisvgzf2W -mIPOPT_generated_tempfiles=/tmp/iccelis82qbdX -mIPOPT_embedded_object_base_name=/tmp/icceobjDpB7nX -mIPOPT_cmdline_link_new_name=/tmp/iccllis4p13yX
ld    /usr/lib/gcc/x86_64-linux-gnu/5/../../../x86_64-linux-gnu/crt1.o /usr/lib/gcc/x86_64-linux-gnu/5/../../../x86_64-linux-gnu/crti.o /usr/lib/gcc/x86_64-linux-gnu/5/crtbegin.o -export-dynamic --eh-frame-hdr --build-id -dynamic-linker /lib64/ld-linux-x86-64.so.2 -m elf_x86_64 -o cmTC_8fa0b -L/opt/intel/compilers_and_libraries_2017.1.132/linux/compiler/lib/intel64_lin -L/usr/lib/gcc/x86_64-linux-gnu/5/ -L/usr/lib/gcc/x86_64-linux-gnu/5/../../../x86_64-linux-gnu/ -L/usr/lib/gcc/x86_64-linux-gnu/5/../../../../lib64 -L/usr/lib/gcc/x86_64-linux-gnu/5/../../../../lib/ -L/lib/x86_64-linux-gnu/ -L/lib/../lib64 -L/lib/../lib/ -L/usr/lib/x86_64-linux-gnu/ -L/usr/lib/../lib64 -L/usr/lib/../lib/ -L/usr/lib/gcc/x86_64-linux-gnu/5/../../../ -L/lib64 -L/lib/ -L/usr/lib64 -L/usr/lib -L/usr/lib/i386-linux-gnu CMakeFiles/cmTC_8fa0b.dir/CMakeCCompilerABI.c.o -Bdynamic -Bstatic -limf -lsvml -lirng -Bdynamic -lm -Bstatic -lipgo -ldecimal --as-needed -Bdynamic -lcilkrts -lstdc++ --no-as-needed -lgcc -lgcc_s -Bstatic -lirc -lsvml -Bdynamic -lc -lgcc -lgcc_s -Bstatic -lirc_s -Bdynamic -ldl -lc /usr/lib/gcc/x86_64-linux-gnu/5/crtend.o /usr/lib/gcc/x86_64-linux-gnu/5/../../../x86_64-linux-gnu/crtn.o
make[1]: Leaving directory '/u/samar/Documents/git/cpp14/code/c2/1/_build/CMakeFiles/CMakeTmp'


Parsed C implicit link information from above output:
  link line regex: [^( *|.*[/\])(ld|([^/\]+-)?ld|collect2)[^/\]*( |$)]
  ignore line: [Change Dir: /u/samar/Documents/git/cpp14/code/c2/1/_build/CMakeFiles/CMakeTmp]
  ignore line: []
  ignore line: [Run Build Command:"/usr/bin/make" "cmTC_8fa0b/fast"]
  ignore line: [make -j8 -f CMakeFiles/cmTC_8fa0b.dir/build.make CMakeFiles/cmTC_8fa0b.dir/build]
  ignore line: [make[1]: Entering directory '/u/samar/Documents/git/cpp14/code/c2/1/_build/CMakeFiles/CMakeTmp']
  ignore line: [Building C object CMakeFiles/cmTC_8fa0b.dir/CMakeCCompilerABI.c.o]
  ignore line: [/opt/intel/bin/icc     -o CMakeFiles/cmTC_8fa0b.dir/CMakeCCompilerABI.c.o   -c /v/apps/cmake/3.7.1-ubuntu/share/cmake-3.7/Modules/CMakeCCompilerABI.c]
  ignore line: [Linking C executable cmTC_8fa0b]
  ignore line: [/v/apps/cmake/3.7.1-ubuntu/bin/cmake -E cmake_link_script CMakeFiles/cmTC_8fa0b.dir/link.txt --verbose=1]
  ignore line: [/opt/intel/bin/icc      -v CMakeFiles/cmTC_8fa0b.dir/CMakeCCompilerABI.c.o  -o cmTC_8fa0b -rdynamic  ]
  ignore line: [icc version 17.0.1 (gcc version 5.0.0 compatibility)]
  ignore line: [/opt/intel/compilers_and_libraries_2017.1.132/linux/bin/intel64/mcpcom    -mGLOB_em64t=TRUE -mP1OPT_version=17.0-intel64 -mGLOB_diag_file=CMakeFiles/cmTC_8fa0b.dir/CMakeCCompilerABI.c.diag -mGLOB_long_size_64 -mGLOB_routine_pointer_size_64 -mP1OPT_print_version=FALSE -mCG_use_gas_got_workaround=F -mP2OPT_align_option_used=TRUE -mGLOB_gcc_version=500 "-mGLOB_options_string=-v -o cmTC_8fa0b -rdynamic" -mGLOB_cxx_limited_range=FALSE -mCG_extend_parms=FALSE -mGLOB_compiler_bin_directory=/opt/intel/compilers_and_libraries_2017.1.132/linux/bin/intel64 -mGLOB_as_output_backup_file_name=/tmp/iccy3yIhYas_.s -mGLOB_dashboard_use_source_name -mIPOPT_activate -mGLOB_product_id_code=0x22006d91 -mP3OPT_use_mspp_call_convention -mP2OPT_subs_out_of_bound=FALSE -mP2OPT_disam_type_based_disam=2 -mP2OPT_disam_assume_ansi_c -mP2OPT_checked_disam_ansi_alias=TRUE -mGLOB_ansi_alias -mPGOPTI_value_profile_use=T -mGLOB_opt_report_use_source_name -mP2OPT_il0_array_sections=TRUE -mGLOB_offload_mode=1 -mP2OPT_offload_unique_var_string=icc1271227922gBO3tU -mP2OPT_hlo -mP2OPT_hpo_rtt_control=0 -mIPOPT_args_in_regs=0 -mP2OPT_disam_assume_nonstd_intent_in=FALSE -mGLOB_imf_mapping_library=/opt/intel/compilers_and_libraries_2017.1.132/linux/bin/intel64/libiml_attr.so -mPGOPTI_gen_threadsafe_level=0 -mIPOPT_link -mIPOPT_ipo_activate -mIPOPT_mo_activate -mIPOPT_source_files_list=/tmp/iccslis1uH0JX -mIPOPT_mo_global_data -mIPOPT_link_script_file=/tmp/iccscriptaoEXUX "-mIPOPT_cmdline_link="/usr/lib/gcc/x86_64-linux-gnu/5/../../../x86_64-linux-gnu/crt1.o" "/usr/lib/gcc/x86_64-linux-gnu/5/../../../x86_64-linux-gnu/crti.o" "/usr/lib/gcc/x86_64-linux-gnu/5/crtbegin.o" "-export-dynamic" "--eh-frame-hdr" "--build-id" "-dynamic-linker" "/lib64/ld-linux-x86-64.so.2" "-m" "elf_x86_64" "-o" "cmTC_8fa0b" "-L/opt/intel/compilers_and_libraries_2017.1.132/linux/compiler/lib/intel64_lin" "-L/usr/lib/gcc/x86_64-linux-gnu/5/" "-L/usr/lib/gcc/x86_64-linux-gnu/5/../../../x86_64-linux-gnu/" "-L/usr/lib/gcc/x86_64-linux-gnu/5/../../../../lib64" "-L/usr/lib/gcc/x86_64-linux-gnu/5/../../../../lib/" "-L/lib/x86_64-linux-gnu/" "-L/lib/../lib64" "-L/lib/../lib/" "-L/usr/lib/x86_64-linux-gnu/" "-L/usr/lib/../lib64" "-L/usr/lib/../lib/" "-L/usr/lib/gcc/x86_64-linux-gnu/5/../../../" "-L/lib64" "-L/lib/" "-L/usr/lib64" "-L/usr/lib" "-L/usr/lib/i386-linux-gnu" "CMakeFiles/cmTC_8fa0b.dir/CMakeCCompilerABI.c.o" "-Bdynamic" "-Bstatic" "-limf" "-lsvml" "-lirng" "-Bdynamic" "-lm" "-Bstatic" "-lipgo" "-ldecimal" "--as-needed" "-Bdynamic" "-lcilkrts" "-lstdc++" "--no-as-needed" "-lgcc" "-lgcc_s" "-Bstatic" "-lirc" "-lsvml" "-Bdynamic" "-lc" "-lgcc" "-lgcc_s" "-Bstatic" "-lirc_s" "-Bdynamic" "-ldl" "-lc" "/usr/lib/gcc/x86_64-linux-gnu/5/crtend.o" "/usr/lib/gcc/x86_64-linux-gnu/5/../../../x86_64-linux-gnu/crtn.o"" -mIPOPT_il_in_obj -mIPOPT_ipo_activate_warn=FALSE -mIPOPT_obj_output_file_name=/tmp/ipo_iccNsNoGW.o -mIPOPT_whole_archive_fixup_file_name=/tmp/iccwarchTvCBSY -mGLOB_linker_version=2.26.1 -mGLOB_driver_tempfile_name=/tmp/icctempfileYoip5Y -mP3OPT_asm_target=P3OPT_ASM_TARGET_GAS -mGLOB_async_unwind_tables=TRUE -mGLOB_obj_output_file=/tmp/ipo_iccNsNoGW.o -mGLOB_source_dialect=GLOB_SOURCE_DIALECT_NONE -mP1OPT_source_file_name=ipo_out.c CMakeFiles/cmTC_8fa0b.dir/CMakeCCompilerABI.c.o -mIPOPT_object_files=T -mIPOPT_assembly_files=/tmp/iccalisvgzf2W -mIPOPT_generated_tempfiles=/tmp/iccelis82qbdX -mIPOPT_embedded_object_base_name=/tmp/icceobjDpB7nX -mIPOPT_cmdline_link_new_name=/tmp/iccllis4p13yX]
  link line: [ld    /usr/lib/gcc/x86_64-linux-gnu/5/../../../x86_64-linux-gnu/crt1.o /usr/lib/gcc/x86_64-linux-gnu/5/../../../x86_64-linux-gnu/crti.o /usr/lib/gcc/x86_64-linux-gnu/5/crtbegin.o -export-dynamic --eh-frame-hdr --build-id -dynamic-linker /lib64/ld-linux-x86-64.so.2 -m elf_x86_64 -o cmTC_8fa0b -L/opt/intel/compilers_and_libraries_2017.1.132/linux/compiler/lib/intel64_lin -L/usr/lib/gcc/x86_64-linux-gnu/5/ -L/usr/lib/gcc/x86_64-linux-gnu/5/../../../x86_64-linux-gnu/ -L/usr/lib/gcc/x86_64-linux-gnu/5/../../../../lib64 -L/usr/lib/gcc/x86_64-linux-gnu/5/../../../../lib/ -L/lib/x86_64-linux-gnu/ -L/lib/../lib64 -L/lib/../lib/ -L/usr/lib/x86_64-linux-gnu/ -L/usr/lib/../lib64 -L/usr/lib/../lib/ -L/usr/lib/gcc/x86_64-linux-gnu/5/../../../ -L/lib64 -L/lib/ -L/usr/lib64 -L/usr/lib -L/usr/lib/i386-linux-gnu CMakeFiles/cmTC_8fa0b.dir/CMakeCCompilerABI.c.o -Bdynamic -Bstatic -limf -lsvml -lirng -Bdynamic -lm -Bstatic -lipgo -ldecimal --as-needed -Bdynamic -lcilkrts -lstdc++ --no-as-needed -lgcc -lgcc_s -Bstatic -lirc -lsvml -Bdynamic -lc -lgcc -lgcc_s -Bstatic -lirc_s -Bdynamic -ldl -lc /usr/lib/gcc/x86_64-linux-gnu/5/crtend.o /usr/lib/gcc/x86_64-linux-gnu/5/../../../x86_64-linux-gnu/crtn.o]
    arg [ld] ==> ignore
    arg [/usr/lib/gcc/x86_64-linux-gnu/5/../../../x86_64-linux-gnu/crt1.o] ==> ignore
    arg [/usr/lib/gcc/x86_64-linux-gnu/5/../../../x86_64-linux-gnu/crti.o] ==> ignore
    arg [/usr/lib/gcc/x86_64-linux-gnu/5/crtbegin.o] ==> ignore
    arg [-export-dynamic] ==> ignore
    arg [--eh-frame-hdr] ==> ignore
    arg [--build-id] ==> ignore
    arg [-dynamic-linker] ==> ignore
    arg [/lib64/ld-linux-x86-64.so.2] ==> ignore
    arg [-m] ==> ignore
    arg [elf_x86_64] ==> ignore
    arg [-o] ==> ignore
    arg [cmTC_8fa0b] ==> ignore
    arg [-L/opt/intel/compilers_and_libraries_2017.1.132/linux/compiler/lib/intel64_lin] ==> dir [/opt/intel/compilers_and_libraries_2017.1.132/linux/compiler/lib/intel64_lin]
    arg [-L/usr/lib/gcc/x86_64-linux-gnu/5/] ==> dir [/usr/lib/gcc/x86_64-linux-gnu/5/]
    arg [-L/usr/lib/gcc/x86_64-linux-gnu/5/../../../x86_64-linux-gnu/] ==> dir [/usr/lib/gcc/x86_64-linux-gnu/5/../../../x86_64-linux-gnu/]
    arg [-L/usr/lib/gcc/x86_64-linux-gnu/5/../../../../lib64] ==> dir [/usr/lib/gcc/x86_64-linux-gnu/5/../../../../lib64]
    arg [-L/usr/lib/gcc/x86_64-linux-gnu/5/../../../../lib/] ==> dir [/usr/lib/gcc/x86_64-linux-gnu/5/../../../../lib/]
    arg [-L/lib/x86_64-linux-gnu/] ==> dir [/lib/x86_64-linux-gnu/]
    arg [-L/lib/../lib64] ==> dir [/lib/../lib64]
    arg [-L/lib/../lib/] ==> dir [/lib/../lib/]
    arg [-L/usr/lib/x86_64-linux-gnu/] ==> dir [/usr/lib/x86_64-linux-gnu/]
    arg [-L/usr/lib/../lib64] ==> dir [/usr/lib/../lib64]
    arg [-L/usr/lib/../lib/] ==> dir [/usr/lib/../lib/]
    arg [-L/usr/lib/gcc/x86_64-linux-gnu/5/../../../] ==> dir [/usr/lib/gcc/x86_64-linux-gnu/5/../../../]
    arg [-L/lib64] ==> dir [/lib64]
    arg [-L/lib/] ==> dir [/lib/]
    arg [-L/usr/lib64] ==> dir [/usr/lib64]
    arg [-L/usr/lib] ==> dir [/usr/lib]
    arg [-L/usr/lib/i386-linux-gnu] ==> dir [/usr/lib/i386-linux-gnu]
    arg [CMakeFiles/cmTC_8fa0b.dir/CMakeCCompilerABI.c.o] ==> ignore
    arg [-Bdynamic] ==> ignore
    arg [-Bstatic] ==> ignore
    arg [-limf] ==> lib [imf]
    arg [-lsvml] ==> lib [svml]
    arg [-lirng] ==> lib [irng]
    arg [-Bdynamic] ==> ignore
    arg [-lm] ==> lib [m]
    arg [-Bstatic] ==> ignore
    arg [-lipgo] ==> lib [ipgo]
    arg [-ldecimal] ==> lib [decimal]
    arg [--as-needed] ==> ignore
    arg [-Bdynamic] ==> ignore
    arg [-lcilkrts] ==> lib [cilkrts]
    arg [-lstdc++] ==> lib [stdc++]
    arg [--no-as-needed] ==> ignore
    arg [-lgcc] ==> lib [gcc]
    arg [-lgcc_s] ==> lib [gcc_s]
    arg [-Bstatic] ==> ignore
    arg [-lirc] ==> lib [irc]
    arg [-lsvml] ==> lib [svml]
    arg [-Bdynamic] ==> ignore
    arg [-lc] ==> lib [c]
    arg [-lgcc] ==> lib [gcc]
    arg [-lgcc_s] ==> lib [gcc_s]
    arg [-Bstatic] ==> ignore
    arg [-lirc_s] ==> lib [irc_s]
    arg [-Bdynamic] ==> ignore
    arg [-ldl] ==> lib [dl]
    arg [-lc] ==> lib [c]
    arg [/usr/lib/gcc/x86_64-linux-gnu/5/crtend.o] ==> ignore
    arg [/usr/lib/gcc/x86_64-linux-gnu/5/../../../x86_64-linux-gnu/crtn.o] ==> ignore
  remove lib [gcc]
  remove lib [gcc_s]
  remove lib [gcc]
  remove lib [gcc_s]
  collapse library dir [/opt/intel/compilers_and_libraries_2017.1.132/linux/compiler/lib/intel64_lin] ==> [/opt/intel/compilers_and_libraries_2017.1.132/linux/compiler/lib/intel64_lin]
  collapse library dir [/usr/lib/gcc/x86_64-linux-gnu/5/] ==> [/usr/lib/gcc/x86_64-linux-gnu/5]
  collapse library dir [/usr/lib/gcc/x86_64-linux-gnu/5/../../../x86_64-linux-gnu/] ==> [/usr/lib/x86_64-linux-gnu]
  collapse library dir [/usr/lib/gcc/x86_64-linux-gnu/5/../../../../lib64] ==> [/usr/lib64]
  collapse library dir [/usr/lib/gcc/x86_64-linux-gnu/5/../../../../lib/] ==> [/usr/lib]
  collapse library dir [/lib/x86_64-linux-gnu/] ==> [/lib/x86_64-linux-gnu]
  collapse library dir [/lib/../lib64] ==> [/lib64]
  collapse library dir [/lib/../lib/] ==> [/lib]
  collapse library dir [/usr/lib/x86_64-linux-gnu/] ==> [/usr/lib/x86_64-linux-gnu]
  collapse library dir [/usr/lib/../lib64] ==> [/usr/lib64]
  collapse library dir [/usr/lib/../lib/] ==> [/usr/lib]
  collapse library dir [/usr/lib/gcc/x86_64-linux-gnu/5/../../../] ==> [/usr/lib]
  collapse library dir [/lib64] ==> [/lib64]
  collapse library dir [/lib/] ==> [/lib]
  collapse library dir [/usr/lib64] ==> [/usr/lib64]
  collapse library dir [/usr/lib] ==> [/usr/lib]
  collapse library dir [/usr/lib/i386-linux-gnu] ==> [/usr/lib/i386-linux-gnu]
  implicit libs: [imf;svml;irng;m;ipgo;decimal;cilkrts;stdc++;irc;svml;c;irc_s;dl;c]
  implicit dirs: [/opt/intel/compilers_and_libraries_2017.1.132/linux/compiler/lib/intel64_lin;/usr/lib/gcc/x86_64-linux-gnu/5;/usr/lib/x86_64-linux-gnu;/usr/lib64;/usr/lib;/lib/x86_64-linux-gnu;/lib64;/lib;/usr/lib/i386-linux-gnu]
  implicit fwks: []




Detecting C [-std=c11] compiler features compiled with the following output:
Change Dir: /u/samar/Documents/git/cpp14/code/c2/1/_build/CMakeFiles/CMakeTmp

Run Build Command:"/usr/bin/make" "cmTC_d8b9a/fast"
make -j8 -f CMakeFiles/cmTC_d8b9a.dir/build.make CMakeFiles/cmTC_d8b9a.dir/build
make[1]: Entering directory '/u/samar/Documents/git/cpp14/code/c2/1/_build/CMakeFiles/CMakeTmp'
Building C object CMakeFiles/cmTC_d8b9a.dir/feature_tests.c.o
/opt/intel/bin/icc    -std=c11 -o CMakeFiles/cmTC_d8b9a.dir/feature_tests.c.o   -c /u/samar/Documents/git/cpp14/code/c2/1/_build/CMakeFiles/feature_tests.c
Linking C executable cmTC_d8b9a
/v/apps/cmake/3.7.1-ubuntu/bin/cmake -E cmake_link_script CMakeFiles/cmTC_d8b9a.dir/link.txt --verbose=1
/opt/intel/bin/icc       CMakeFiles/cmTC_d8b9a.dir/feature_tests.c.o  -o cmTC_d8b9a -rdynamic 
make[1]: Leaving directory '/u/samar/Documents/git/cpp14/code/c2/1/_build/CMakeFiles/CMakeTmp'


    Feature record: C_FEATURE:1c_function_prototypes
    Feature record: C_FEATURE:1c_restrict
    Feature record: C_FEATURE:1c_static_assert
    Feature record: C_FEATURE:1c_variadic_macros


Detecting C [-std=c99] compiler features compiled with the following output:
Change Dir: /u/samar/Documents/git/cpp14/code/c2/1/_build/CMakeFiles/CMakeTmp

Run Build Command:"/usr/bin/make" "cmTC_29b27/fast"
make -j8 -f CMakeFiles/cmTC_29b27.dir/build.make CMakeFiles/cmTC_29b27.dir/build
make[1]: Entering directory '/u/samar/Documents/git/cpp14/code/c2/1/_build/CMakeFiles/CMakeTmp'
Building C object CMakeFiles/cmTC_29b27.dir/feature_tests.c.o
/opt/intel/bin/icc    -std=c99 -o CMakeFiles/cmTC_29b27.dir/feature_tests.c.o   -c /u/samar/Documents/git/cpp14/code/c2/1/_build/CMakeFiles/feature_tests.c
Linking C executable cmTC_29b27
/v/apps/cmake/3.7.1-ubuntu/bin/cmake -E cmake_link_script CMakeFiles/cmTC_29b27.dir/link.txt --verbose=1
/opt/intel/bin/icc       CMakeFiles/cmTC_29b27.dir/feature_tests.c.o  -o cmTC_29b27 -rdynamic 
make[1]: Leaving directory '/u/samar/Documents/git/cpp14/code/c2/1/_build/CMakeFiles/CMakeTmp'


    Feature record: C_FEATURE:1c_function_prototypes
    Feature record: C_FEATURE:1c_restrict
    Feature record: C_FEATURE:1c_static_assert
    Feature record: C_FEATURE:1c_variadic_macros


Detecting C [-std=c89] compiler features compiled with the following output:
Change Dir: /u/samar/Documents/git/cpp14/code/c2/1/_build/CMakeFiles/CMakeTmp

Run Build Command:"/usr/bin/make" "cmTC_3f931/fast"
make -j8 -f CMakeFiles/cmTC_3f931.dir/build.make CMakeFiles/cmTC_3f931.dir/build
make[1]: Entering directory '/u/samar/Documents/git/cpp14/code/c2/1/_build/CMakeFiles/CMakeTmp'
Building C object CMakeFiles/cmTC_3f931.dir/feature_tests.c.o
/opt/intel/bin/icc    -std=c89 -o CMakeFiles/cmTC_3f931.dir/feature_tests.c.o   -c /u/samar/Documents/git/cpp14/code/c2/1/_build/CMakeFiles/feature_tests.c
Linking C executable cmTC_3f931
/v/apps/cmake/3.7.1-ubuntu/bin/cmake -E cmake_link_script CMakeFiles/cmTC_3f931.dir/link.txt --verbose=1
/opt/intel/bin/icc       CMakeFiles/cmTC_3f931.dir/feature_tests.c.o  -o cmTC_3f931 -rdynamic 
make[1]: Leaving directory '/u/samar/Documents/git/cpp14/code/c2/1/_build/CMakeFiles/CMakeTmp'


    Feature record: C_FEATURE:1c_function_prototypes
    Feature record: C_FEATURE:0c_restrict
    Feature record: C_FEATURE:0c_static_assert
    Feature record: C_FEATURE:0c_variadic_macros
Determining if the CXX compiler works passed with the following output:
Change Dir: /u/samar/Documents/git/cpp14/code/c2/1/_build/CMakeFiles/CMakeTmp

Run Build Command:"/usr/bin/make" "cmTC_e6c1d/fast"
make -j8 -f CMakeFiles/cmTC_e6c1d.dir/build.make CMakeFiles/cmTC_e6c1d.dir/build
make[1]: Entering directory '/u/samar/Documents/git/cpp14/code/c2/1/_build/CMakeFiles/CMakeTmp'
Building CXX object CMakeFiles/cmTC_e6c1d.dir/testCXXCompiler.cxx.o
/opt/intel/bin/icpc      -o CMakeFiles/cmTC_e6c1d.dir/testCXXCompiler.cxx.o -c /u/samar/Documents/git/cpp14/code/c2/1/_build/CMakeFiles/CMakeTmp/testCXXCompiler.cxx
Linking CXX executable cmTC_e6c1d
/v/apps/cmake/3.7.1-ubuntu/bin/cmake -E cmake_link_script CMakeFiles/cmTC_e6c1d.dir/link.txt --verbose=1
/opt/intel/bin/icpc        CMakeFiles/cmTC_e6c1d.dir/testCXXCompiler.cxx.o  -o cmTC_e6c1d -rdynamic 
make[1]: Leaving directory '/u/samar/Documents/git/cpp14/code/c2/1/_build/CMakeFiles/CMakeTmp'


Detecting CXX compiler ABI info compiled with the following output:
Change Dir: /u/samar/Documents/git/cpp14/code/c2/1/_build/CMakeFiles/CMakeTmp

Run Build Command:"/usr/bin/make" "cmTC_3f3fc/fast"
make -j8 -f CMakeFiles/cmTC_3f3fc.dir/build.make CMakeFiles/cmTC_3f3fc.dir/build
make[1]: Entering directory '/u/samar/Documents/git/cpp14/code/c2/1/_build/CMakeFiles/CMakeTmp'
Building CXX object CMakeFiles/cmTC_3f3fc.dir/CMakeCXXCompilerABI.cpp.o
/opt/intel/bin/icpc      -o CMakeFiles/cmTC_3f3fc.dir/CMakeCXXCompilerABI.cpp.o -c /v/apps/cmake/3.7.1-ubuntu/share/cmake-3.7/Modules/CMakeCXXCompilerABI.cpp
Linking CXX executable cmTC_3f3fc
/v/apps/cmake/3.7.1-ubuntu/bin/cmake -E cmake_link_script CMakeFiles/cmTC_3f3fc.dir/link.txt --verbose=1
/opt/intel/bin/icpc       -v CMakeFiles/cmTC_3f3fc.dir/CMakeCXXCompilerABI.cpp.o  -o cmTC_3f3fc -rdynamic  
icpc version 17.0.1 (gcc version 5.0.0 compatibility)
/opt/intel/compilers_and_libraries_2017.1.132/linux/bin/intel64/mcpcom    -mGLOB_em64t=TRUE -mP1OPT_version=17.0-intel64 -mGLOB_diag_file=CMakeFiles/cmTC_3f3fc.dir/CMakeCXXCompilerABI.cpp.diag -mGLOB_long_size_64 -mGLOB_routine_pointer_size_64 -mP1OPT_print_version=FALSE -mCG_use_gas_got_workaround=F -mP2OPT_align_option_used=TRUE -mGLOB_gcc_version=500 "-mGLOB_options_string=-v -o cmTC_3f3fc -rdynamic" -mGLOB_cxx_limited_range=FALSE -mCG_extend_parms=FALSE -mGLOB_compiler_bin_directory=/opt/intel/compilers_and_libraries_2017.1.132/linux/bin/intel64 -mGLOB_as_output_backup_file_name=/tmp/icpc8p4aQtas_.s -mGLOB_dashboard_use_source_name -mIPOPT_activate -mGLOB_product_id_code=0x22006d8e -mP3OPT_use_mspp_call_convention -mP2OPT_subs_out_of_bound=FALSE -mP2OPT_disam_type_based_disam=2 -mP2OPT_disam_assume_ansi_c -mP2OPT_checked_disam_ansi_alias=TRUE -mGLOB_ansi_alias -mPGOPTI_value_profile_use=T -mGLOB_opt_report_use_source_name -mP2OPT_il0_array_sections=TRUE -mGLOB_offload_mode=1 -mP2OPT_offload_unique_var_string=icpc0582982043CmnRRH -mP2OPT_hlo -mP2OPT_hpo_rtt_control=0 -mIPOPT_args_in_regs=0 -mP2OPT_disam_assume_nonstd_intent_in=FALSE -mGLOB_imf_mapping_library=/opt/intel/compilers_and_libraries_2017.1.132/linux/bin/intel64/libiml_attr.so -mPGOPTI_gen_threadsafe_level=0 -mIPOPT_link -mIPOPT_ipo_activate -mIPOPT_mo_activate -mIPOPT_source_files_list=/tmp/icpcslisDrPNOe -mIPOPT_mo_global_data -mIPOPT_link_script_file=/tmp/icpcscriptaMqZOj "-mIPOPT_cmdline_link="/usr/lib/gcc/x86_64-linux-gnu/5/../../../x86_64-linux-gnu/crt1.o" "/usr/lib/gcc/x86_64-linux-gnu/5/../../../x86_64-linux-gnu/crti.o" "/usr/lib/gcc/x86_64-linux-gnu/5/crtbegin.o" "-export-dynamic" "--eh-frame-hdr" "--build-id" "-dynamic-linker" "/lib64/ld-linux-x86-64.so.2" "-m" "elf_x86_64" "-o" "cmTC_3f3fc" "-L/opt/intel/compilers_and_libraries_2017.1.132/linux/compiler/lib/intel64_lin" "-L/usr/lib/gcc/x86_64-linux-gnu/5/" "-L/usr/lib/gcc/x86_64-linux-gnu/5/../../../x86_64-linux-gnu/" "-L/usr/lib/gcc/x86_64-linux-gnu/5/../../../../lib64" "-L/usr/lib/gcc/x86_64-linux-gnu/5/../../../../lib/" "-L/lib/x86_64-linux-gnu/" "-L/lib/../lib64" "-L/lib/../lib/" "-L/usr/lib/x86_64-linux-gnu/" "-L/usr/lib/../lib64" "-L/usr/lib/../lib/" "-L/usr/lib/gcc/x86_64-linux-gnu/5/../../../" "-L/lib64" "-L/lib/" "-L/usr/lib64" "-L/usr/lib" "-L/usr/lib/i386-linux-gnu" "CMakeFiles/cmTC_3f3fc.dir/CMakeCXXCompilerABI.cpp.o" "-Bdynamic" "-Bstatic" "-limf" "-lsvml" "-lirng" "-Bdynamic" "-lstdc++" "-lm" "-Bstatic" "-lipgo" "-ldecimal" "--as-needed" "-Bdynamic" "-lcilkrts" "--no-as-needed" "-lstdc++" "-lgcc" "-lgcc_s" "-Bstatic" "-lirc" "-lsvml" "-Bdynamic" "-lc" "-lgcc" "-lgcc_s" "-Bstatic" "-lirc_s" "-Bdynamic" "-ldl" "-lc" "/usr/lib/gcc/x86_64-linux-gnu/5/crtend.o" "/usr/lib/gcc/x86_64-linux-gnu/5/../../../x86_64-linux-gnu/crtn.o"" -mIPOPT_il_in_obj -mIPOPT_ipo_activate_warn=FALSE -mIPOPT_obj_output_file_name=/tmp/ipo_icpcZLKNNK.o -mIPOPT_whole_archive_fixup_file_name=/tmp/icpcwarchxRvGUI -mGLOB_linker_version=2.26.1 -mGLOB_driver_tempfile_name=/tmp/icpctempfilewedIWN -mP3OPT_asm_target=P3OPT_ASM_TARGET_GAS -mGLOB_async_unwind_tables=TRUE -mGLOB_obj_output_file=/tmp/ipo_icpcZLKNNK.o -mGLOB_source_dialect=GLOB_SOURCE_DIALECT_NONE -mP1OPT_source_file_name=ipo_out.c CMakeFiles/cmTC_3f3fc.dir/CMakeCXXCompilerABI.cpp.o -mIPOPT_object_files=T -mIPOPT_assembly_files=/tmp/icpcalisbH56NU -mIPOPT_generated_tempfiles=/tmp/icpcelis6dlhOZ -mIPOPT_embedded_object_base_name=/tmp/icpceobj9KMrO4 -mIPOPT_cmdline_link_new_name=/tmp/icpcllisMGHCO9
ld    /usr/lib/gcc/x86_64-linux-gnu/5/../../../x86_64-linux-gnu/crt1.o /usr/lib/gcc/x86_64-linux-gnu/5/../../../x86_64-linux-gnu/crti.o /usr/lib/gcc/x86_64-linux-gnu/5/crtbegin.o -export-dynamic --eh-frame-hdr --build-id -dynamic-linker /lib64/ld-linux-x86-64.so.2 -m elf_x86_64 -o cmTC_3f3fc -L/opt/intel/compilers_and_libraries_2017.1.132/linux/compiler/lib/intel64_lin -L/usr/lib/gcc/x86_64-linux-gnu/5/ -L/usr/lib/gcc/x86_64-linux-gnu/5/../../../x86_64-linux-gnu/ -L/usr/lib/gcc/x86_64-linux-gnu/5/../../../../lib64 -L/usr/lib/gcc/x86_64-linux-gnu/5/../../../../lib/ -L/lib/x86_64-linux-gnu/ -L/lib/../lib64 -L/lib/../lib/ -L/usr/lib/x86_64-linux-gnu/ -L/usr/lib/../lib64 -L/usr/lib/../lib/ -L/usr/lib/gcc/x86_64-linux-gnu/5/../../../ -L/lib64 -L/lib/ -L/usr/lib64 -L/usr/lib -L/usr/lib/i386-linux-gnu CMakeFiles/cmTC_3f3fc.dir/CMakeCXXCompilerABI.cpp.o -Bdynamic -Bstatic -limf -lsvml -lirng -Bdynamic -lstdc++ -lm -Bstatic -lipgo -ldecimal --as-needed -Bdynamic -lcilkrts --no-as-needed -lstdc++ -lgcc -lgcc_s -Bstatic -lirc -lsvml -Bdynamic -lc -lgcc -lgcc_s -Bstatic -lirc_s -Bdynamic -ldl -lc /usr/lib/gcc/x86_64-linux-gnu/5/crtend.o /usr/lib/gcc/x86_64-linux-gnu/5/../../../x86_64-linux-gnu/crtn.o
make[1]: Leaving directory '/u/samar/Documents/git/cpp14/code/c2/1/_build/CMakeFiles/CMakeTmp'


Parsed CXX implicit link information from above output:
  link line regex: [^( *|.*[/\])(ld|([^/\]+-)?ld|collect2)[^/\]*( |$)]
  ignore line: [Change Dir: /u/samar/Documents/git/cpp14/code/c2/1/_build/CMakeFiles/CMakeTmp]
  ignore line: []
  ignore line: [Run Build Command:"/usr/bin/make" "cmTC_3f3fc/fast"]
  ignore line: [make -j8 -f CMakeFiles/cmTC_3f3fc.dir/build.make CMakeFiles/cmTC_3f3fc.dir/build]
  ignore line: [make[1]: Entering directory '/u/samar/Documents/git/cpp14/code/c2/1/_build/CMakeFiles/CMakeTmp']
  ignore line: [Building CXX object CMakeFiles/cmTC_3f3fc.dir/CMakeCXXCompilerABI.cpp.o]
  ignore line: [/opt/intel/bin/icpc      -o CMakeFiles/cmTC_3f3fc.dir/CMakeCXXCompilerABI.cpp.o -c /v/apps/cmake/3.7.1-ubuntu/share/cmake-3.7/Modules/CMakeCXXCompilerABI.cpp]
  ignore line: [Linking CXX executable cmTC_3f3fc]
  ignore line: [/v/apps/cmake/3.7.1-ubuntu/bin/cmake -E cmake_link_script CMakeFiles/cmTC_3f3fc.dir/link.txt --verbose=1]
  ignore line: [/opt/intel/bin/icpc       -v CMakeFiles/cmTC_3f3fc.dir/CMakeCXXCompilerABI.cpp.o  -o cmTC_3f3fc -rdynamic  ]
  ignore line: [icpc version 17.0.1 (gcc version 5.0.0 compatibility)]
  ignore line: [/opt/intel/compilers_and_libraries_2017.1.132/linux/bin/intel64/mcpcom    -mGLOB_em64t=TRUE -mP1OPT_version=17.0-intel64 -mGLOB_diag_file=CMakeFiles/cmTC_3f3fc.dir/CMakeCXXCompilerABI.cpp.diag -mGLOB_long_size_64 -mGLOB_routine_pointer_size_64 -mP1OPT_print_version=FALSE -mCG_use_gas_got_workaround=F -mP2OPT_align_option_used=TRUE -mGLOB_gcc_version=500 "-mGLOB_options_string=-v -o cmTC_3f3fc -rdynamic" -mGLOB_cxx_limited_range=FALSE -mCG_extend_parms=FALSE -mGLOB_compiler_bin_directory=/opt/intel/compilers_and_libraries_2017.1.132/linux/bin/intel64 -mGLOB_as_output_backup_file_name=/tmp/icpc8p4aQtas_.s -mGLOB_dashboard_use_source_name -mIPOPT_activate -mGLOB_product_id_code=0x22006d8e -mP3OPT_use_mspp_call_convention -mP2OPT_subs_out_of_bound=FALSE -mP2OPT_disam_type_based_disam=2 -mP2OPT_disam_assume_ansi_c -mP2OPT_checked_disam_ansi_alias=TRUE -mGLOB_ansi_alias -mPGOPTI_value_profile_use=T -mGLOB_opt_report_use_source_name -mP2OPT_il0_array_sections=TRUE -mGLOB_offload_mode=1 -mP2OPT_offload_unique_var_string=icpc0582982043CmnRRH -mP2OPT_hlo -mP2OPT_hpo_rtt_control=0 -mIPOPT_args_in_regs=0 -mP2OPT_disam_assume_nonstd_intent_in=FALSE -mGLOB_imf_mapping_library=/opt/intel/compilers_and_libraries_2017.1.132/linux/bin/intel64/libiml_attr.so -mPGOPTI_gen_threadsafe_level=0 -mIPOPT_link -mIPOPT_ipo_activate -mIPOPT_mo_activate -mIPOPT_source_files_list=/tmp/icpcslisDrPNOe -mIPOPT_mo_global_data -mIPOPT_link_script_file=/tmp/icpcscriptaMqZOj "-mIPOPT_cmdline_link="/usr/lib/gcc/x86_64-linux-gnu/5/../../../x86_64-linux-gnu/crt1.o" "/usr/lib/gcc/x86_64-linux-gnu/5/../../../x86_64-linux-gnu/crti.o" "/usr/lib/gcc/x86_64-linux-gnu/5/crtbegin.o" "-export-dynamic" "--eh-frame-hdr" "--build-id" "-dynamic-linker" "/lib64/ld-linux-x86-64.so.2" "-m" "elf_x86_64" "-o" "cmTC_3f3fc" "-L/opt/intel/compilers_and_libraries_2017.1.132/linux/compiler/lib/intel64_lin" "-L/usr/lib/gcc/x86_64-linux-gnu/5/" "-L/usr/lib/gcc/x86_64-linux-gnu/5/../../../x86_64-linux-gnu/" "-L/usr/lib/gcc/x86_64-linux-gnu/5/../../../../lib64" "-L/usr/lib/gcc/x86_64-linux-gnu/5/../../../../lib/" "-L/lib/x86_64-linux-gnu/" "-L/lib/../lib64" "-L/lib/../lib/" "-L/usr/lib/x86_64-linux-gnu/" "-L/usr/lib/../lib64" "-L/usr/lib/../lib/" "-L/usr/lib/gcc/x86_64-linux-gnu/5/../../../" "-L/lib64" "-L/lib/" "-L/usr/lib64" "-L/usr/lib" "-L/usr/lib/i386-linux-gnu" "CMakeFiles/cmTC_3f3fc.dir/CMakeCXXCompilerABI.cpp.o" "-Bdynamic" "-Bstatic" "-limf" "-lsvml" "-lirng" "-Bdynamic" "-lstdc++" "-lm" "-Bstatic" "-lipgo" "-ldecimal" "--as-needed" "-Bdynamic" "-lcilkrts" "--no-as-needed" "-lstdc++" "-lgcc" "-lgcc_s" "-Bstatic" "-lirc" "-lsvml" "-Bdynamic" "-lc" "-lgcc" "-lgcc_s" "-Bstatic" "-lirc_s" "-Bdynamic" "-ldl" "-lc" "/usr/lib/gcc/x86_64-linux-gnu/5/crtend.o" "/usr/lib/gcc/x86_64-linux-gnu/5/../../../x86_64-linux-gnu/crtn.o"" -mIPOPT_il_in_obj -mIPOPT_ipo_activate_warn=FALSE -mIPOPT_obj_output_file_name=/tmp/ipo_icpcZLKNNK.o -mIPOPT_whole_archive_fixup_file_name=/tmp/icpcwarchxRvGUI -mGLOB_linker_version=2.26.1 -mGLOB_driver_tempfile_name=/tmp/icpctempfilewedIWN -mP3OPT_asm_target=P3OPT_ASM_TARGET_GAS -mGLOB_async_unwind_tables=TRUE -mGLOB_obj_output_file=/tmp/ipo_icpcZLKNNK.o -mGLOB_source_dialect=GLOB_SOURCE_DIALECT_NONE -mP1OPT_source_file_name=ipo_out.c CMakeFiles/cmTC_3f3fc.dir/CMakeCXXCompilerABI.cpp.o -mIPOPT_object_files=T -mIPOPT_assembly_files=/tmp/icpcalisbH56NU -mIPOPT_generated_tempfiles=/tmp/icpcelis6dlhOZ -mIPOPT_embedded_object_base_name=/tmp/icpceobj9KMrO4 -mIPOPT_cmdline_link_new_name=/tmp/icpcllisMGHCO9]
  link line: [ld    /usr/lib/gcc/x86_64-linux-gnu/5/../../../x86_64-linux-gnu/crt1.o /usr/lib/gcc/x86_64-linux-gnu/5/../../../x86_64-linux-gnu/crti.o /usr/lib/gcc/x86_64-linux-gnu/5/crtbegin.o -export-dynamic --eh-frame-hdr --build-id -dynamic-linker /lib64/ld-linux-x86-64.so.2 -m elf_x86_64 -o cmTC_3f3fc -L/opt/intel/compilers_and_libraries_2017.1.132/linux/compiler/lib/intel64_lin -L/usr/lib/gcc/x86_64-linux-gnu/5/ -L/usr/lib/gcc/x86_64-linux-gnu/5/../../../x86_64-linux-gnu/ -L/usr/lib/gcc/x86_64-linux-gnu/5/../../../../lib64 -L/usr/lib/gcc/x86_64-linux-gnu/5/../../../../lib/ -L/lib/x86_64-linux-gnu/ -L/lib/../lib64 -L/lib/../lib/ -L/usr/lib/x86_64-linux-gnu/ -L/usr/lib/../lib64 -L/usr/lib/../lib/ -L/usr/lib/gcc/x86_64-linux-gnu/5/../../../ -L/lib64 -L/lib/ -L/usr/lib64 -L/usr/lib -L/usr/lib/i386-linux-gnu CMakeFiles/cmTC_3f3fc.dir/CMakeCXXCompilerABI.cpp.o -Bdynamic -Bstatic -limf -lsvml -lirng -Bdynamic -lstdc++ -lm -Bstatic -lipgo -ldecimal --as-needed -Bdynamic -lcilkrts --no-as-needed -lstdc++ -lgcc -lgcc_s -Bstatic -lirc -lsvml -Bdynamic -lc -lgcc -lgcc_s -Bstatic -lirc_s -Bdynamic -ldl -lc /usr/lib/gcc/x86_64-linux-gnu/5/crtend.o /usr/lib/gcc/x86_64-linux-gnu/5/../../../x86_64-linux-gnu/crtn.o]
    arg [ld] ==> ignore
    arg [/usr/lib/gcc/x86_64-linux-gnu/5/../../../x86_64-linux-gnu/crt1.o] ==> ignore
    arg [/usr/lib/gcc/x86_64-linux-gnu/5/../../../x86_64-linux-gnu/crti.o] ==> ignore
    arg [/usr/lib/gcc/x86_64-linux-gnu/5/crtbegin.o] ==> ignore
    arg [-export-dynamic] ==> ignore
    arg [--eh-frame-hdr] ==> ignore
    arg [--build-id] ==> ignore
    arg [-dynamic-linker] ==> ignore
    arg [/lib64/ld-linux-x86-64.so.2] ==> ignore
    arg [-m] ==> ignore
    arg [elf_x86_64] ==> ignore
    arg [-o] ==> ignore
    arg [cmTC_3f3fc] ==> ignore
    arg [-L/opt/intel/compilers_and_libraries_2017.1.132/linux/compiler/lib/intel64_lin] ==> dir [/opt/intel/compilers_and_libraries_2017.1.132/linux/compiler/lib/intel64_lin]
    arg [-L/usr/lib/gcc/x86_64-linux-gnu/5/] ==> dir [/usr/lib/gcc/x86_64-linux-gnu/5/]
    arg [-L/usr/lib/gcc/x86_64-linux-gnu/5/../../../x86_64-linux-gnu/] ==> dir [/usr/lib/gcc/x86_64-linux-gnu/5/../../../x86_64-linux-gnu/]
    arg [-L/usr/lib/gcc/x86_64-linux-gnu/5/../../../../lib64] ==> dir [/usr/lib/gcc/x86_64-linux-gnu/5/../../../../lib64]
    arg [-L/usr/lib/gcc/x86_64-linux-gnu/5/../../../../lib/] ==> dir [/usr/lib/gcc/x86_64-linux-gnu/5/../../../../lib/]
    arg [-L/lib/x86_64-linux-gnu/] ==> dir [/lib/x86_64-linux-gnu/]
    arg [-L/lib/../lib64] ==> dir [/lib/../lib64]
    arg [-L/lib/../lib/] ==> dir [/lib/../lib/]
    arg [-L/usr/lib/x86_64-linux-gnu/] ==> dir [/usr/lib/x86_64-linux-gnu/]
    arg [-L/usr/lib/../lib64] ==> dir [/usr/lib/../lib64]
    arg [-L/usr/lib/../lib/] ==> dir [/usr/lib/../lib/]
    arg [-L/usr/lib/gcc/x86_64-linux-gnu/5/../../../] ==> dir [/usr/lib/gcc/x86_64-linux-gnu/5/../../../]
    arg [-L/lib64] ==> dir [/lib64]
    arg [-L/lib/] ==> dir [/lib/]
    arg [-L/usr/lib64] ==> dir [/usr/lib64]
    arg [-L/usr/lib] ==> dir [/usr/lib]
    arg [-L/usr/lib/i386-linux-gnu] ==> dir [/usr/lib/i386-linux-gnu]
    arg [CMakeFiles/cmTC_3f3fc.dir/CMakeCXXCompilerABI.cpp.o] ==> ignore
    arg [-Bdynamic] ==> ignore
    arg [-Bstatic] ==> ignore
    arg [-limf] ==> lib [imf]
    arg [-lsvml] ==> lib [svml]
    arg [-lirng] ==> lib [irng]
    arg [-Bdynamic] ==> ignore
    arg [-lstdc++] ==> lib [stdc++]
    arg [-lm] ==> lib [m]
    arg [-Bstatic] ==> ignore
    arg [-lipgo] ==> lib [ipgo]
    arg [-ldecimal] ==> lib [decimal]
    arg [--as-needed] ==> ignore
    arg [-Bdynamic] ==> ignore
    arg [-lcilkrts] ==> lib [cilkrts]
    arg [--no-as-needed] ==> ignore
    arg [-lstdc++] ==> lib [stdc++]
    arg [-lgcc] ==> lib [gcc]
    arg [-lgcc_s] ==> lib [gcc_s]
    arg [-Bstatic] ==> ignore
    arg [-lirc] ==> lib [irc]
    arg [-lsvml] ==> lib [svml]
    arg [-Bdynamic] ==> ignore
    arg [-lc] ==> lib [c]
    arg [-lgcc] ==> lib [gcc]
    arg [-lgcc_s] ==> lib [gcc_s]
    arg [-Bstatic] ==> ignore
    arg [-lirc_s] ==> lib [irc_s]
    arg [-Bdynamic] ==> ignore
    arg [-ldl] ==> lib [dl]
    arg [-lc] ==> lib [c]
    arg [/usr/lib/gcc/x86_64-linux-gnu/5/crtend.o] ==> ignore
    arg [/usr/lib/gcc/x86_64-linux-gnu/5/../../../x86_64-linux-gnu/crtn.o] ==> ignore
  remove lib [gcc]
  remove lib [gcc_s]
  remove lib [gcc]
  remove lib [gcc_s]
  collapse library dir [/opt/intel/compilers_and_libraries_2017.1.132/linux/compiler/lib/intel64_lin] ==> [/opt/intel/compilers_and_libraries_2017.1.132/linux/compiler/lib/intel64_lin]
  collapse library dir [/usr/lib/gcc/x86_64-linux-gnu/5/] ==> [/usr/lib/gcc/x86_64-linux-gnu/5]
  collapse library dir [/usr/lib/gcc/x86_64-linux-gnu/5/../../../x86_64-linux-gnu/] ==> [/usr/lib/x86_64-linux-gnu]
  collapse library dir [/usr/lib/gcc/x86_64-linux-gnu/5/../../../../lib64] ==> [/usr/lib64]
  collapse library dir [/usr/lib/gcc/x86_64-linux-gnu/5/../../../../lib/] ==> [/usr/lib]
  collapse library dir [/lib/x86_64-linux-gnu/] ==> [/lib/x86_64-linux-gnu]
  collapse library dir [/lib/../lib64] ==> [/lib64]
  collapse library dir [/lib/../lib/] ==> [/lib]
  collapse library dir [/usr/lib/x86_64-linux-gnu/] ==> [/usr/lib/x86_64-linux-gnu]
  collapse library dir [/usr/lib/../lib64] ==> [/usr/lib64]
  collapse library dir [/usr/lib/../lib/] ==> [/usr/lib]
  collapse library dir [/usr/lib/gcc/x86_64-linux-gnu/5/../../../] ==> [/usr/lib]
  collapse library dir [/lib64] ==> [/lib64]
  collapse library dir [/lib/] ==> [/lib]
  collapse library dir [/usr/lib64] ==> [/usr/lib64]
  collapse library dir [/usr/lib] ==> [/usr/lib]
  collapse library dir [/usr/lib/i386-linux-gnu] ==> [/usr/lib/i386-linux-gnu]
  implicit libs: [imf;svml;irng;stdc++;m;ipgo;decimal;cilkrts;stdc++;irc;svml;c;irc_s;dl;c]
  implicit dirs: [/opt/intel/compilers_and_libraries_2017.1.132/linux/compiler/lib/intel64_lin;/usr/lib/gcc/x86_64-linux-gnu/5;/usr/lib/x86_64-linux-gnu;/usr/lib64;/usr/lib;/lib/x86_64-linux-gnu;/lib64;/lib;/usr/lib/i386-linux-gnu]
  implicit fwks: []




Detecting CXX [-std=c++14] compiler features compiled with the following output:
Change Dir: /u/samar/Documents/git/cpp14/code/c2/1/_build/CMakeFiles/CMakeTmp

Run Build Command:"/usr/bin/make" "cmTC_2c73f/fast"
make -j8 -f CMakeFiles/cmTC_2c73f.dir/build.make CMakeFiles/cmTC_2c73f.dir/build
make[1]: Entering directory '/u/samar/Documents/git/cpp14/code/c2/1/_build/CMakeFiles/CMakeTmp'
Building CXX object CMakeFiles/cmTC_2c73f.dir/feature_tests.cxx.o
/opt/intel/bin/icpc     -std=c++14 -o CMakeFiles/cmTC_2c73f.dir/feature_tests.cxx.o -c /u/samar/Documents/git/cpp14/code/c2/1/_build/CMakeFiles/feature_tests.cxx
Linking CXX executable cmTC_2c73f
/v/apps/cmake/3.7.1-ubuntu/bin/cmake -E cmake_link_script CMakeFiles/cmTC_2c73f.dir/link.txt --verbose=1
/opt/intel/bin/icpc        CMakeFiles/cmTC_2c73f.dir/feature_tests.cxx.o  -o cmTC_2c73f -rdynamic 
make[1]: Leaving directory '/u/samar/Documents/git/cpp14/code/c2/1/_build/CMakeFiles/CMakeTmp'


    Feature record: CXX_FEATURE:1cxx_aggregate_default_initializers
    Feature record: CXX_FEATURE:1cxx_alias_templates
    Feature record: CXX_FEATURE:1cxx_alignas
    Feature record: CXX_FEATURE:1cxx_alignof
    Feature record: CXX_FEATURE:1cxx_attributes
    Feature record: CXX_FEATURE:1cxx_attribute_deprecated
    Feature record: CXX_FEATURE:1cxx_auto_type
    Feature record: CXX_FEATURE:1cxx_binary_literals
    Feature record: CXX_FEATURE:1cxx_constexpr
    Feature record: CXX_FEATURE:1cxx_contextual_conversions
    Feature record: CXX_FEATURE:1cxx_decltype
    Feature record: CXX_FEATURE:1cxx_decltype_auto
    Feature record: CXX_FEATURE:1cxx_decltype_incomplete_return_types
    Feature record: CXX_FEATURE:1cxx_default_function_template_args
    Feature record: CXX_FEATURE:1cxx_defaulted_functions
    Feature record: CXX_FEATURE:1cxx_defaulted_move_initializers
    Feature record: CXX_FEATURE:1cxx_delegating_constructors
    Feature record: CXX_FEATURE:1cxx_deleted_functions
    Feature record: CXX_FEATURE:1cxx_digit_separators
    Feature record: CXX_FEATURE:1cxx_enum_forward_declarations
    Feature record: CXX_FEATURE:1cxx_explicit_conversions
    Feature record: CXX_FEATURE:1cxx_extended_friend_declarations
    Feature record: CXX_FEATURE:1cxx_extern_templates
    Feature record: CXX_FEATURE:1cxx_final
    Feature record: CXX_FEATURE:1cxx_func_identifier
    Feature record: CXX_FEATURE:1cxx_generic_lambdas
    Feature record: CXX_FEATURE:1cxx_inheriting_constructors
    Feature record: CXX_FEATURE:1cxx_inline_namespaces
    Feature record: CXX_FEATURE:1cxx_lambdas
    Feature record: CXX_FEATURE:1cxx_lambda_init_captures
    Feature record: CXX_FEATURE:1cxx_local_type_template_args
    Feature record: CXX_FEATURE:1cxx_long_long_type
    Feature record: CXX_FEATURE:1cxx_noexcept
    Feature record: CXX_FEATURE:1cxx_nonstatic_member_init
    Feature record: CXX_FEATURE:1cxx_nullptr
    Feature record: CXX_FEATURE:1cxx_override
    Feature record: CXX_FEATURE:1cxx_range_for
    Feature record: CXX_FEATURE:1cxx_raw_string_literals
    Feature record: CXX_FEATURE:1cxx_reference_qualified_functions
    Feature record: CXX_FEATURE:1cxx_relaxed_constexpr
    Feature record: CXX_FEATURE:1cxx_return_type_deduction
    Feature record: CXX_FEATURE:1cxx_right_angle_brackets
    Feature record: CXX_FEATURE:1cxx_rvalue_references
    Feature record: CXX_FEATURE:1cxx_sizeof_member
    Feature record: CXX_FEATURE:1cxx_static_assert
    Feature record: CXX_FEATURE:1cxx_strong_enums
    Feature record: CXX_FEATURE:1cxx_template_template_parameters
    Feature record: CXX_FEATURE:1cxx_thread_local
    Feature record: CXX_FEATURE:1cxx_trailing_return_types
    Feature record: CXX_FEATURE:1cxx_unicode_literals
    Feature record: CXX_FEATURE:1cxx_uniform_initialization
    Feature record: CXX_FEATURE:1cxx_unrestricted_unions
    Feature record: CXX_FEATURE:1cxx_user_literals
    Feature record: CXX_FEATURE:1cxx_variable_templates
    Feature record: CXX_FEATURE:1cxx_variadic_macros
    Feature record: CXX_FEATURE:1cxx_variadic_templates


Detecting CXX [-std=c++11] compiler features compiled with the following output:
Change Dir: /u/samar/Documents/git/cpp14/code/c2/1/_build/CMakeFiles/CMakeTmp

Run Build Command:"/usr/bin/make" "cmTC_ab02a/fast"
make -j8 -f CMakeFiles/cmTC_ab02a.dir/build.make CMakeFiles/cmTC_ab02a.dir/build
make[1]: Entering directory '/u/samar/Documents/git/cpp14/code/c2/1/_build/CMakeFiles/CMakeTmp'
Building CXX object CMakeFiles/cmTC_ab02a.dir/feature_tests.cxx.o
/opt/intel/bin/icpc     -std=c++11 -o CMakeFiles/cmTC_ab02a.dir/feature_tests.cxx.o -c /u/samar/Documents/git/cpp14/code/c2/1/_build/CMakeFiles/feature_tests.cxx
Linking CXX executable cmTC_ab02a
/v/apps/cmake/3.7.1-ubuntu/bin/cmake -E cmake_link_script CMakeFiles/cmTC_ab02a.dir/link.txt --verbose=1
/opt/intel/bin/icpc        CMakeFiles/cmTC_ab02a.dir/feature_tests.cxx.o  -o cmTC_ab02a -rdynamic 
make[1]: Leaving directory '/u/samar/Documents/git/cpp14/code/c2/1/_build/CMakeFiles/CMakeTmp'


    Feature record: CXX_FEATURE:0cxx_aggregate_default_initializers
    Feature record: CXX_FEATURE:1cxx_alias_templates
    Feature record: CXX_FEATURE:1cxx_alignas
    Feature record: CXX_FEATURE:1cxx_alignof
    Feature record: CXX_FEATURE:1cxx_attributes
    Feature record: CXX_FEATURE:0cxx_attribute_deprecated
    Feature record: CXX_FEATURE:1cxx_auto_type
    Feature record: CXX_FEATURE:1cxx_binary_literals
    Feature record: CXX_FEATURE:1cxx_constexpr
    Feature record: CXX_FEATURE:0cxx_contextual_conversions
    Feature record: CXX_FEATURE:1cxx_decltype
    Feature record: CXX_FEATURE:0cxx_decltype_auto
    Feature record: CXX_FEATURE:1cxx_decltype_incomplete_return_types
    Feature record: CXX_FEATURE:1cxx_default_function_template_args
    Feature record: CXX_FEATURE:1cxx_defaulted_functions
    Feature record: CXX_FEATURE:1cxx_defaulted_move_initializers
    Feature record: CXX_FEATURE:1cxx_delegating_constructors
    Feature record: CXX_FEATURE:1cxx_deleted_functions
    Feature record: CXX_FEATURE:0cxx_digit_separators
    Feature record: CXX_FEATURE:1cxx_enum_forward_declarations
    Feature record: CXX_FEATURE:1cxx_explicit_conversions
    Feature record: CXX_FEATURE:1cxx_extended_friend_declarations
    Feature record: CXX_FEATURE:1cxx_extern_templates
    Feature record: CXX_FEATURE:1cxx_final
    Feature record: CXX_FEATURE:1cxx_func_identifier
    Feature record: CXX_FEATURE:0cxx_generic_lambdas
    Feature record: CXX_FEATURE:1cxx_inheriting_constructors
    Feature record: CXX_FEATURE:1cxx_inline_namespaces
    Feature record: CXX_FEATURE:1cxx_lambdas
    Feature record: CXX_FEATURE:0cxx_lambda_init_captures
    Feature record: CXX_FEATURE:1cxx_local_type_template_args
    Feature record: CXX_FEATURE:1cxx_long_long_type
    Feature record: CXX_FEATURE:1cxx_noexcept
    Feature record: CXX_FEATURE:1cxx_nonstatic_member_init
    Feature record: CXX_FEATURE:1cxx_nullptr
    Feature record: CXX_FEATURE:1cxx_override
    Feature record: CXX_FEATURE:1cxx_range_for
    Feature record: CXX_FEATURE:1cxx_raw_string_literals
    Feature record: CXX_FEATURE:1cxx_reference_qualified_functions
    Feature record: CXX_FEATURE:0cxx_relaxed_constexpr
    Feature record: CXX_FEATURE:0cxx_return_type_deduction
    Feature record: CXX_FEATURE:1cxx_right_angle_brackets
    Feature record: CXX_FEATURE:1cxx_rvalue_references
    Feature record: CXX_FEATURE:1cxx_sizeof_member
    Feature record: CXX_FEATURE:1cxx_static_assert
    Feature record: CXX_FEATURE:1cxx_strong_enums
    Feature record: CXX_FEATURE:1cxx_template_template_parameters
    Feature record: CXX_FEATURE:1cxx_thread_local
    Feature record: CXX_FEATURE:1cxx_trailing_return_types
    Feature record: CXX_FEATURE:1cxx_unicode_literals
    Feature record: CXX_FEATURE:1cxx_uniform_initialization
    Feature record: CXX_FEATURE:1cxx_unrestricted_unions
    Feature record: CXX_FEATURE:1cxx_user_literals
    Feature record: CXX_FEATURE:0cxx_variable_templates
    Feature record: CXX_FEATURE:1cxx_variadic_macros
    Feature record: CXX_FEATURE:1cxx_variadic_templates


Detecting CXX [-std=c++98] compiler features compiled with the following output:
Change Dir: /u/samar/Documents/git/cpp14/code/c2/1/_build/CMakeFiles/CMakeTmp

Run Build Command:"/usr/bin/make" "cmTC_093c9/fast"
make -j8 -f CMakeFiles/cmTC_093c9.dir/build.make CMakeFiles/cmTC_093c9.dir/build
make[1]: Entering directory '/u/samar/Documents/git/cpp14/code/c2/1/_build/CMakeFiles/CMakeTmp'
Building CXX object CMakeFiles/cmTC_093c9.dir/feature_tests.cxx.o
/opt/intel/bin/icpc     -std=c++98 -o CMakeFiles/cmTC_093c9.dir/feature_tests.cxx.o -c /u/samar/Documents/git/cpp14/code/c2/1/_build/CMakeFiles/feature_tests.cxx
Linking CXX executable cmTC_093c9
/v/apps/cmake/3.7.1-ubuntu/bin/cmake -E cmake_link_script CMakeFiles/cmTC_093c9.dir/link.txt --verbose=1
/opt/intel/bin/icpc        CMakeFiles/cmTC_093c9.dir/feature_tests.cxx.o  -o cmTC_093c9 -rdynamic 
make[1]: Leaving directory '/u/samar/Documents/git/cpp14/code/c2/1/_build/CMakeFiles/CMakeTmp'


    Feature record: CXX_FEATURE:0cxx_aggregate_default_initializers
    Feature record: CXX_FEATURE:0cxx_alias_templates
    Feature record: CXX_FEATURE:0cxx_alignas
    Feature record: CXX_FEATURE:0cxx_alignof
    Feature record: CXX_FEATURE:0cxx_attributes
    Feature record: CXX_FEATURE:0cxx_attribute_deprecated
    Feature record: CXX_FEATURE:0cxx_auto_type
    Feature record: CXX_FEATURE:0cxx_binary_literals
    Feature record: CXX_FEATURE:0cxx_constexpr
    Feature record: CXX_FEATURE:0cxx_contextual_conversions
    Feature record: CXX_FEATURE:0cxx_decltype
    Feature record: CXX_FEATURE:0cxx_decltype_auto
    Feature record: CXX_FEATURE:0cxx_decltype_incomplete_return_types
    Feature record: CXX_FEATURE:0cxx_default_function_template_args
    Feature record: CXX_FEATURE:0cxx_defaulted_functions
    Feature record: CXX_FEATURE:0cxx_defaulted_move_initializers
    Feature record: CXX_FEATURE:0cxx_delegating_constructors
    Feature record: CXX_FEATURE:0cxx_deleted_functions
    Feature record: CXX_FEATURE:0cxx_digit_separators
    Feature record: CXX_FEATURE:0cxx_enum_forward_declarations
    Feature record: CXX_FEATURE:0cxx_explicit_conversions
    Feature record: CXX_FEATURE:0cxx_extended_friend_declarations
    Feature record: CXX_FEATURE:0cxx_extern_templates
    Feature record: CXX_FEATURE:0cxx_final
    Feature record: CXX_FEATURE:0cxx_func_identifier
    Feature record: CXX_FEATURE:0cxx_generic_lambdas
    Feature record: CXX_FEATURE:0cxx_inheriting_constructors
    Feature record: CXX_FEATURE:0cxx_inline_namespaces
    Feature record: CXX_FEATURE:0cxx_lambdas
    Feature record: CXX_FEATURE:0cxx_lambda_init_captures
    Feature record: CXX_FEATURE:0cxx_local_type_template_args
    Feature record: CXX_FEATURE:0cxx_long_long_type
    Feature record: CXX_FEATURE:0cxx_noexcept
    Feature record: CXX_FEATURE:0cxx_nonstatic_member_init
    Feature record: CXX_FEATURE:0cxx_nullptr
    Feature record: CXX_FEATURE:0cxx_override
    Feature record: CXX_FEATURE:0cxx_range_for
    Feature record: CXX_FEATURE:0cxx_raw_string_literals
    Feature record: CXX_FEATURE:0cxx_reference_qualified_functions
    Feature record: CXX_FEATURE:0cxx_relaxed_constexpr
    Feature record: CXX_FEATURE:0cxx_return_type_deduction
    Feature record: CXX_FEATURE:0cxx_right_angle_brackets
    Feature record: CXX_FEATURE:0cxx_rvalue_references
    Feature record: CXX_FEATURE:0cxx_sizeof_member
    Feature record: CXX_FEATURE:0cxx_static_assert
    Feature record: CXX_FEATURE:0cxx_strong_enums
    Feature record: CXX_FEATURE:0cxx_template_template_parameters
    Feature record: CXX_FEATURE:0cxx_thread_local
    Feature record: CXX_FEATURE:0cxx_trailing_return_types
    Feature record: CXX_FEATURE:0cxx_unicode_literals
    Feature record: CXX_FEATURE:0cxx_uniform_initialization
    Feature record: CXX_FEATURE:0cxx_unrestricted_unions
    Feature record: CXX_FEATURE:0cxx_user_literals
    Feature record: CXX_FEATURE:0cxx_variable_templates
    Feature record: CXX_FEATURE:0cxx_variadic_macros
    Feature record: CXX_FEATURE:0cxx_variadic_templates
